Using pre-set license
Built from '2021.3/staging' branch; Version is '2021.3.2f1 (d6360bedb9a0) revision 14038539'; Using compiler version '192829333'; Build Type 'Release'
OS: 'Windows 10  (10.0.19044) 64bit Core' Language: 'ko' Physical Memory: 8103 MB
BatchMode: 1, IsHumanControllingUs: 0, StartBugReporterOnCrash: 0, Is64bit: 1, IsPro: 1

COMMAND LINE ARGUMENTS:
C:\Program Files\Unity\Hub\Editor\2021.3.2f1\Editor\Unity.exe
-adb2
-batchMode
-noUpm
-name
AssetImportWorker0
-projectPath
C:/Dev_Project/Unity_Project/3D_Campus
-logFile
Logs/AssetImportWorker0.log
-srvPort
56117
Successfully changed project path to: C:/Dev_Project/Unity_Project/3D_Campus
C:/Dev_Project/Unity_Project/3D_Campus
[UnityMemory] Configuration Parameters - Can be set up in boot.config
    "memorysetup-bucket-allocator-granularity=16"
    "memorysetup-bucket-allocator-bucket-count=8"
    "memorysetup-bucket-allocator-block-size=33554432"
    "memorysetup-bucket-allocator-block-count=8"
    "memorysetup-main-allocator-block-size=16777216"
    "memorysetup-thread-allocator-block-size=16777216"
    "memorysetup-gfx-main-allocator-block-size=16777216"
    "memorysetup-gfx-thread-allocator-block-size=16777216"
    "memorysetup-cache-allocator-block-size=4194304"
    "memorysetup-typetree-allocator-block-size=2097152"
    "memorysetup-profiler-bucket-allocator-granularity=16"
    "memorysetup-profiler-bucket-allocator-bucket-count=8"
    "memorysetup-profiler-bucket-allocator-block-size=33554432"
    "memorysetup-profiler-bucket-allocator-block-count=8"
    "memorysetup-profiler-allocator-block-size=16777216"
    "memorysetup-profiler-editor-allocator-block-size=1048576"
    "memorysetup-temp-allocator-size-main=16777216"
    "memorysetup-job-temp-allocator-block-size=2097152"
    "memorysetup-job-temp-allocator-block-size-background=1048576"
    "memorysetup-job-temp-allocator-reduction-small-platforms=262144"
    "memorysetup-temp-allocator-size-background-worker=32768"
    "memorysetup-temp-allocator-size-job-worker=262144"
    "memorysetup-temp-allocator-size-preload-manager=33554432"
    "memorysetup-temp-allocator-size-nav-mesh-worker=65536"
    "memorysetup-temp-allocator-size-audio-worker=65536"
    "memorysetup-temp-allocator-size-cloud-worker=32768"
    "memorysetup-temp-allocator-size-gi-baking-worker=262144"
    "memorysetup-temp-allocator-size-gfx=262144"
Refreshing native plugins compatible for Editor in 241.12 ms, found 3 plugins.
Preloading 0 native plugins for Editor in 0.00 ms.
Initialize engine version: 2021.3.2f1 (d6360bedb9a0)
[Subsystems] Discovering subsystems at path C:/Program Files/Unity/Hub/Editor/2021.3.2f1/Editor/Data/Resources/UnitySubsystems
[Subsystems] Discovering subsystems at path C:/Dev_Project/Unity_Project/3D_Campus/Assets
GfxDevice: creating device client; threaded=0; jobified=0
Direct3D:
    Version:  Direct3D 11.0 [level 11.0]
    Renderer: NVIDIA GeForce 840M (ID=0x1341)
    Vendor:   NVIDIA
    VRAM:     2020 MB
    Driver:   23.21.13.8873
Initialize mono
Mono path[0] = 'C:/Program Files/Unity/Hub/Editor/2021.3.2f1/Editor/Data/Managed'
Mono path[1] = 'C:/Program Files/Unity/Hub/Editor/2021.3.2f1/Editor/Data/MonoBleedingEdge/lib/mono/unityjit-win32'
Mono config path = 'C:/Program Files/Unity/Hub/Editor/2021.3.2f1/Editor/Data/MonoBleedingEdge/etc'
Using monoOptions --debugger-agent=transport=dt_socket,embedding=1,server=y,suspend=n,address=127.0.0.1:56072
Begin MonoManager ReloadAssembly
Registering precompiled unity dll's ...
Register platform support module: C:/Program Files/Unity/Hub/Editor/2021.3.2f1/Editor/Data/PlaybackEngines/WebGLSupport/UnityEditor.WebGL.Extensions.dll
Register platform support module: C:/Program Files/Unity/Hub/Editor/2021.3.2f1/Editor/Data/PlaybackEngines/AndroidPlayer/UnityEditor.Android.Extensions.dll
Register platform support module: C:/Program Files/Unity/Hub/Editor/2021.3.2f1/Editor/Data/PlaybackEngines/WindowsStandaloneSupport/UnityEditor.WindowsStandalone.Extensions.dll
Register platform support module: C:/Program Files/Unity/Hub/Editor/2021.3.2f1/Editor/Data/PlaybackEngines/MetroSupport/UnityEditor.UWP.Extensions.dll
Registered in 0.177960 seconds.
Native extension for UWP target not found
Native extension for WindowsStandalone target not found
Native extension for Android target not found
Native extension for WebGL target not found
Refreshing native plugins compatible for Editor in 205.01 ms, found 3 plugins.
Preloading 0 native plugins for Editor in 0.00 ms.
Mono: successfully reloaded assembly
- Completed reload, in  2.257 seconds
Domain Reload Profiling:
	ReloadAssembly (2258ms)
		BeginReloadAssembly (426ms)
			ExecutionOrderSort (0ms)
			DisableScriptedObjects (0ms)
			BackupInstance (0ms)
			ReleaseScriptingObjects (0ms)
			CreateAndSetChildDomain (2ms)
		EndReloadAssembly (1223ms)
			LoadAssemblies (425ms)
			RebuildTransferFunctionScriptingTraits (0ms)
			SetupTypeCache (301ms)
			ReleaseScriptCaches (0ms)
			RebuildScriptCaches (51ms)
			SetupLoadedEditorAssemblies (722ms)
				LogAssemblyErrors (0ms)
				InitializePlatformSupportModulesInManaged (139ms)
				SetLoadedEditorAssemblies (0ms)
				RefreshPlugins (205ms)
				BeforeProcessingInitializeOnLoad (2ms)
				ProcessInitializeOnLoadAttributes (221ms)
				ProcessInitializeOnLoadMethodAttributes (155ms)
				AfterProcessingInitializeOnLoad (0ms)
				EditorAssembliesLoaded (0ms)
			ExecutionOrderSort2 (0ms)
			AwakeInstancesAfterBackupRestoration (0ms)
Platform modules already initialized, skipping
Registering precompiled user dll's ...
Registered in 0.107424 seconds.
Begin MonoManager ReloadAssembly
Symbol file LoadedFromMemory doesn't match image C:\Dev_Project\Unity_Project\3D_Campus\Library\PackageCache\com.unity.visualscripting@1.7.6\Editor\VisualScripting.Core\Dependencies\YamlDotNet\Unity.VisualScripting.YamlDotNet.dll
Symbol file LoadedFromMemory doesn't match image C:\Dev_Project\Unity_Project\3D_Campus\Library\PackageCache\com.unity.visualscripting@1.7.6\Editor\VisualScripting.Core\Dependencies\DotNetZip\Unity.VisualScripting.IonicZip.dll
Native extension for UWP target not found
Native extension for WindowsStandalone target not found
Native extension for Android target not found
Native extension for WebGL target not found
Refreshing native plugins compatible for Editor in 1.97 ms, found 3 plugins.
Preloading 0 native plugins for Editor in 0.00 ms.
Mono: successfully reloaded assembly
- Completed reload, in  3.704 seconds
Domain Reload Profiling:
	ReloadAssembly (3708ms)
		BeginReloadAssembly (750ms)
			ExecutionOrderSort (0ms)
			DisableScriptedObjects (30ms)
			BackupInstance (0ms)
			ReleaseScriptingObjects (1ms)
			CreateAndSetChildDomain (194ms)
		EndReloadAssembly (2383ms)
			LoadAssemblies (638ms)
			RebuildTransferFunctionScriptingTraits (0ms)
			SetupTypeCache (639ms)
			ReleaseScriptCaches (1ms)
			RebuildScriptCaches (118ms)
			SetupLoadedEditorAssemblies (991ms)
				LogAssemblyErrors (0ms)
				InitializePlatformSupportModulesInManaged (51ms)
				SetLoadedEditorAssemblies (1ms)
				RefreshPlugins (2ms)
				BeforeProcessingInitializeOnLoad (208ms)
				ProcessInitializeOnLoadAttributes (585ms)
				ProcessInitializeOnLoadMethodAttributes (76ms)
				AfterProcessingInitializeOnLoad (67ms)
				EditorAssembliesLoaded (0ms)
			ExecutionOrderSort2 (0ms)
			AwakeInstancesAfterBackupRestoration (55ms)
Platform modules already initialized, skipping
========================================================================
Worker process is ready to serve import requests
Launched and connected shader compiler UnityShaderCompiler.exe after 0.29 seconds
Refreshing native plugins compatible for Editor in 1.55 ms, found 3 plugins.
Preloading 0 native plugins for Editor in 0.00 ms.
Unloading 3426 Unused Serialized files (Serialized files now loaded: 0)
Unloading 27 unused Assets / (308.2 KB). Loaded Objects now: 3905.
Memory consumption went from 143.3 MB to 143.0 MB.
Total: 7.478800 ms (FindLiveObjects: 0.511800 ms CreateObjectMapping: 0.474300 ms MarkObjects: 6.098700 ms  DeleteObjects: 0.392100 ms)

AssetImportParameters requested are different than current active one (requested -> active):
  custom:video-decoder-ogg-theora: a1e56fd34408186e4bbccfd4996cb3dc -> 
  custom:container-muxer-webm: aa71ff27fc2769a1b78a27578f13a17b -> 
  custom:container-demuxer-webm: 4f35f7cbe854078d1ac9338744f61a02 -> 
  custom:video-encoder-webm-vp8: eb34c28f22e8b96e1ab97ce403110664 -> 
  custom:video-codec-MediaFoundation-h265: 746d11721c4dcdbdad8f713fa42b33f4 -> 
  custom:audio-encoder-webm-vorbis: bf7c407c2cedff20999df2af8eb42d56 -> 
  custom:framework-win-MediaFoundation: 216162199b28c13a410421893ffa2e32 -> 
  custom:container-demuxer-ogg: 62fdf1f143b41e24485cea50d1cbac27 -> 
  custom:video-decoder-webm-vp8: 9c59270c3fd7afecdb556c50c9e8de78 -> 
  custom:audio-decoder-ogg-vorbis: bf7c407c2cedff20999df2af8eb42d56 -> 
========================================================================
Received Import Request.
  Time since last request: 295228.514313 seconds.
  path: Assets/RoadArchitect/Textures/FedSigns/Diamond/General/YellowBridgesIceBeforeRoadDiffuse.png
  artifactKey: Guid(9a7b7e445f2648049b7bd324abde2aa7) Importer(815301076,1909f56bfc062723c751e8b465ee728b)
Start importing Assets/RoadArchitect/Textures/FedSigns/Diamond/General/YellowBridgesIceBeforeRoadDiffuse.png using Guid(9a7b7e445f2648049b7bd324abde2aa7) Importer(815301076,1909f56bfc062723c751e8b465ee728b)  -> (artifact id: '1ebd4b21f1c11862da880711a5363898') in 0.533807 seconds 
========================================================================
Received Import Request.
  Time since last request: 0.000046 seconds.
  path: Assets/RoadArchitect/Textures/Concrete6Normal.png
  artifactKey: Guid(dfd2e27a0f7b80649afc79a1c96f4590) Importer(815301076,1909f56bfc062723c751e8b465ee728b)
Start importing Assets/RoadArchitect/Textures/Concrete6Normal.png using Guid(dfd2e27a0f7b80649afc79a1c96f4590) Importer(815301076,1909f56bfc062723c751e8b465ee728b)  -> (artifact id: '761a68cba5cbb0f121ca46d8a6958227') in 0.278078 seconds 
========================================================================
Received Import Request.
  Time since last request: 0.000122 seconds.
  path: Assets/RoadArchitect/Textures/FedSigns/Diamond/General/GreenSchoolBusLoadingDiffuse.png
  artifactKey: Guid(c1189a5707855e14ba1592197ecf005d) Importer(815301076,1909f56bfc062723c751e8b465ee728b)
Start importing Assets/RoadArchitect/Textures/FedSigns/Diamond/General/GreenSchoolBusLoadingDiffuse.png using Guid(c1189a5707855e14ba1592197ecf005d) Importer(815301076,1909f56bfc062723c751e8b465ee728b)  -> (artifact id: '5f32baae06395e2095eccf273a58ca49') in 0.617176 seconds 
========================================================================
Received Import Request.
  Time since last request: 0.000039 seconds.
  path: Assets/RoadArchitect/Textures/Concrete8Normal.png
  artifactKey: Guid(9c660d7b09b8bc34aa482dfc7a14f096) Importer(815301076,1909f56bfc062723c751e8b465ee728b)
Start importing Assets/RoadArchitect/Textures/Concrete8Normal.png using Guid(9c660d7b09b8bc34aa482dfc7a14f096) Importer(815301076,1909f56bfc062723c751e8b465ee728b)  -> (artifact id: 'db366968ce3386a905d1dd4cc0ce0265') in 0.124955 seconds 
========================================================================
Received Import Request.
  Time since last request: 0.000067 seconds.
  path: Assets/RoadArchitect/Textures/Markers/RoadDetailOverlay1.png
  artifactKey: Guid(f2345b5490e2c1747a03a872a8396fea) Importer(815301076,1909f56bfc062723c751e8b465ee728b)
Start importing Assets/RoadArchitect/Textures/Markers/RoadDetailOverlay1.png using Guid(f2345b5490e2c1747a03a872a8396fea) Importer(815301076,1909f56bfc062723c751e8b465ee728b)  -> (artifact id: 'dedf91360f1584de06756714bf56f1a2') in 0.312208 seconds 
========================================================================
Received Import Request.
  Time since last request: 126.484336 seconds.
  path: Assets/RoadArchitect/Textures/FedSigns/Square/Ark25Diffuse.png
  artifactKey: Guid(f80c52592210b1a43aedee81760a7799) Importer(815301076,1909f56bfc062723c751e8b465ee728b)
Start importing Assets/RoadArchitect/Textures/FedSigns/Square/Ark25Diffuse.png using Guid(f80c52592210b1a43aedee81760a7799) Importer(815301076,1909f56bfc062723c751e8b465ee728b)  -> (artifact id: 'd5bf755b25883b86003d401f21b09c2e') in 0.131509 seconds 
========================================================================
Received Import Request.
  Time since last request: 0.000130 seconds.
  path: Assets/RoadArchitect/Textures/FedSigns/396/AxleWeightLimit5TonsDiffuse.png
  artifactKey: Guid(ed4f78b0f51a87a44bf2bb033bb97a6a) Importer(815301076,1909f56bfc062723c751e8b465ee728b)
Start importing Assets/RoadArchitect/Textures/FedSigns/396/AxleWeightLimit5TonsDiffuse.png using Guid(ed4f78b0f51a87a44bf2bb033bb97a6a) Importer(815301076,1909f56bfc062723c751e8b465ee728b)  -> (artifact id: 'a046276f7ddb7ec9056efd0346012ca2') in 0.091147 seconds 
========================================================================
Received Import Request.
  Time since last request: 0.000144 seconds.
  path: Assets/RoadArchitect/Textures/FedSigns/617/BikeLaneDiffuse.png
  artifactKey: Guid(3e7697ebcd7ca4b4abdb6b6529c278e4) Importer(815301076,1909f56bfc062723c751e8b465ee728b)
Start importing Assets/RoadArchitect/Textures/FedSigns/617/BikeLaneDiffuse.png using Guid(3e7697ebcd7ca4b4abdb6b6529c278e4) Importer(815301076,1909f56bfc062723c751e8b465ee728b)  -> (artifact id: 'a164bb1d5f011a031571a2a39247c3fe') in 0.152557 seconds 
========================================================================
Received Import Request.
  Time since last request: 0.000087 seconds.
  path: Assets/RoadArchitect/Textures/FedSigns/Square/BikeMayUseFullLaneDiffuse.png
  artifactKey: Guid(d06511c8f7a8b214ca218cd4d94701be) Importer(815301076,1909f56bfc062723c751e8b465ee728b)
Start importing Assets/RoadArchitect/Textures/FedSigns/Square/BikeMayUseFullLaneDiffuse.png using Guid(d06511c8f7a8b214ca218cd4d94701be) Importer(815301076,1909f56bfc062723c751e8b465ee728b)  -> (artifact id: '48cd2c56610ca391e709e9851cf61d94') in 0.177513 seconds 
========================================================================
Received Import Request.
  Time since last request: 0.000155 seconds.
  path: Assets/RoadArchitect/Textures/CableBarrierDiffuse.png
  artifactKey: Guid(5b675ba29e5e3c6438add34fe94a2071) Importer(815301076,1909f56bfc062723c751e8b465ee728b)
Start importing Assets/RoadArchitect/Textures/CableBarrierDiffuse.png using Guid(5b675ba29e5e3c6438add34fe94a2071) Importer(815301076,1909f56bfc062723c751e8b465ee728b)  -> (artifact id: '420b050862666c0f317b693566f8c425') in 0.114147 seconds 
========================================================================
Received Import Request.
  Time since last request: 0.000053 seconds.
  path: Assets/RoadArchitect/Textures/FedSigns/330/BridgeSpeed15Diffuse.png
  artifactKey: Guid(6e7a0da43483fe445b9275b1a36996c2) Importer(815301076,1909f56bfc062723c751e8b465ee728b)
Start importing Assets/RoadArchitect/Textures/FedSigns/330/BridgeSpeed15Diffuse.png using Guid(6e7a0da43483fe445b9275b1a36996c2) Importer(815301076,1909f56bfc062723c751e8b465ee728b)  -> (artifact id: '2fba381382a9c00182c08bd0f8ac5bac') in 0.069810 seconds 
========================================================================
Received Import Request.
  Time since last request: 0.000047 seconds.
  path: Assets/RoadArchitect/Textures/FedSigns/Square/Circle613Diffuse.png
  artifactKey: Guid(c8af5ebe2eb76e340a7bb8393573679f) Importer(815301076,1909f56bfc062723c751e8b465ee728b)
Start importing Assets/RoadArchitect/Textures/FedSigns/Square/Circle613Diffuse.png using Guid(c8af5ebe2eb76e340a7bb8393573679f) Importer(815301076,1909f56bfc062723c751e8b465ee728b)  -> (artifact id: '6941d1780b764e79230c1d8879502862') in 0.089388 seconds 
========================================================================
Received Import Request.
  Time since last request: 0.000064 seconds.
  path: Assets/RoadArchitect/Textures/CableBarrierNormal.png
  artifactKey: Guid(523ae06539421d94ca0babf81449c1d3) Importer(815301076,1909f56bfc062723c751e8b465ee728b)
Start importing Assets/RoadArchitect/Textures/CableBarrierNormal.png using Guid(523ae06539421d94ca0babf81449c1d3) Importer(815301076,1909f56bfc062723c751e8b465ee728b)  -> (artifact id: 'f442a3ad8912f20d9ca4a18a21b25efe') in 0.105162 seconds 
========================================================================
Received Import Request.
  Time since last request: 0.000371 seconds.
  path: Assets/RoadArchitect/ManualImages/ArrowRight.png
  artifactKey: Guid(f7df57ac715114949a04a1adf7e9b3da) Importer(815301076,1909f56bfc062723c751e8b465ee728b)
Start importing Assets/RoadArchitect/ManualImages/ArrowRight.png using Guid(f7df57ac715114949a04a1adf7e9b3da) Importer(815301076,1909f56bfc062723c751e8b465ee728b)  -> (artifact id: '9c71900b43deb925b68c70c7f211e0bb') in 0.080782 seconds 
========================================================================
Received Import Request.
  Time since last request: 0.000056 seconds.
  path: Assets/RoadArchitect/Textures/Concrete3Diffuse.png
  artifactKey: Guid(f2796531f7e24514e8063f7b96ec5064) Importer(815301076,1909f56bfc062723c751e8b465ee728b)
Start importing Assets/RoadArchitect/Textures/Concrete3Diffuse.png using Guid(f2796531f7e24514e8063f7b96ec5064) Importer(815301076,1909f56bfc062723c751e8b465ee728b)  -> (artifact id: '0fdf861e55d0bbdd0a6021e36faa5db5') in 0.081194 seconds 
========================================================================
Received Import Request.
  Time since last request: 0.000048 seconds.
  path: Assets/RoadArchitect/Textures/FedSigns/617/CoinParkingDiffuse.png
  artifactKey: Guid(85675f656f34c3548a0682fe5d6db500) Importer(815301076,1909f56bfc062723c751e8b465ee728b)
Start importing Assets/RoadArchitect/Textures/FedSigns/617/CoinParkingDiffuse.png using Guid(85675f656f34c3548a0682fe5d6db500) Importer(815301076,1909f56bfc062723c751e8b465ee728b)  -> (artifact id: '1444bd7483be01dd42d679313c34b7a2') in 0.111782 seconds 
========================================================================
Received Import Request.
  Time since last request: 0.000058 seconds.
  path: Assets/RoadArchitect/Textures/Concrete5Diffuse.png
  artifactKey: Guid(035e861c11598b44d821c1454075f85f) Importer(815301076,1909f56bfc062723c751e8b465ee728b)
Start importing Assets/RoadArchitect/Textures/Concrete5Diffuse.png using Guid(035e861c11598b44d821c1454075f85f) Importer(815301076,1909f56bfc062723c751e8b465ee728b)  -> (artifact id: 'c2a301d36c215c1593a38359f25a37ae') in 0.096176 seconds 
========================================================================
Received Import Request.
  Time since last request: 0.000042 seconds.
  path: Assets/RoadArchitect/Textures/Concrete4Diffuse.png
  artifactKey: Guid(71c1b6c253b5bdf4fae4d4346dde9a9c) Importer(815301076,1909f56bfc062723c751e8b465ee728b)
Start importing Assets/RoadArchitect/Textures/Concrete4Diffuse.png using Guid(71c1b6c253b5bdf4fae4d4346dde9a9c) Importer(815301076,1909f56bfc062723c751e8b465ee728b)  -> (artifact id: '1f194ae9052b8e0aa8cb2c2aa6ae7a59') in 0.078151 seconds 
========================================================================
Received Import Request.
  Time since last request: 0.000278 seconds.
  path: Assets/RoadArchitect/Textures/Concrete7Diffuse.png
  artifactKey: Guid(04ed38019117a5844b5ca181ee343da5) Importer(815301076,1909f56bfc062723c751e8b465ee728b)
Start importing Assets/RoadArchitect/Textures/Concrete7Diffuse.png using Guid(04ed38019117a5844b5ca181ee343da5) Importer(815301076,1909f56bfc062723c751e8b465ee728b)  -> (artifact id: '826e3705a1a2e4fd86935e76aaf1a22d') in 0.084762 seconds 
========================================================================
Received Import Request.
  Time since last request: 0.000056 seconds.
  path: Assets/RoadArchitect/Textures/Concrete1Normal.png
  artifactKey: Guid(22d0cc126934f7f409a041ff8af97712) Importer(815301076,1909f56bfc062723c751e8b465ee728b)
Start importing Assets/RoadArchitect/Textures/Concrete1Normal.png using Guid(22d0cc126934f7f409a041ff8af97712) Importer(815301076,1909f56bfc062723c751e8b465ee728b)  -> (artifact id: '745d5386e07a74986acffff3cfec8d6e') in 0.078383 seconds 
========================================================================
Received Import Request.
  Time since last request: 0.000066 seconds.
  path: Assets/RoadArchitect/Textures/Concrete4Normal.png
  artifactKey: Guid(adabac239da3a1348944ebdc6dd73975) Importer(815301076,1909f56bfc062723c751e8b465ee728b)
Start importing Assets/RoadArchitect/Textures/Concrete4Normal.png using Guid(adabac239da3a1348944ebdc6dd73975) Importer(815301076,1909f56bfc062723c751e8b465ee728b)  -> (artifact id: '87246eb89bd46f8341f4055284711b08') in 0.084397 seconds 
========================================================================
Received Import Request.
  Time since last request: 0.000060 seconds.
  path: Assets/RoadArchitect/Textures/Concrete2Diffuse.png
  artifactKey: Guid(e609541c9e63cf8428a308c2f38daee9) Importer(815301076,1909f56bfc062723c751e8b465ee728b)
Start importing Assets/RoadArchitect/Textures/Concrete2Diffuse.png using Guid(e609541c9e63cf8428a308c2f38daee9) Importer(815301076,1909f56bfc062723c751e8b465ee728b)  -> (artifact id: '3ef6ffa8d48edada17b5bca5f6b26ec8') in 0.153644 seconds 
========================================================================
Received Import Request.
  Time since last request: 0.000067 seconds.
  path: Assets/RoadArchitect/Textures/Concrete3Normal.png
  artifactKey: Guid(59526a9a5e2028243a5e6e743e30b421) Importer(815301076,1909f56bfc062723c751e8b465ee728b)
Start importing Assets/RoadArchitect/Textures/Concrete3Normal.png using Guid(59526a9a5e2028243a5e6e743e30b421) Importer(815301076,1909f56bfc062723c751e8b465ee728b)  -> (artifact id: '02a98b02197d3d838a0e23bf2c2fcccf') in 0.075440 seconds 
========================================================================
Received Import Request.
  Time since last request: 0.000053 seconds.
  path: Assets/RoadArchitect/Textures/Concrete2Normal.png
  artifactKey: Guid(2ce9a38c8d2065c4bad191fcfab344e8) Importer(815301076,1909f56bfc062723c751e8b465ee728b)
Start importing Assets/RoadArchitect/Textures/Concrete2Normal.png using Guid(2ce9a38c8d2065c4bad191fcfab344e8) Importer(815301076,1909f56bfc062723c751e8b465ee728b)  -> (artifact id: '0429c986eae5e505b822c86e1a862ea9') in 0.128572 seconds 
========================================================================
Received Import Request.
  Time since last request: 0.000129 seconds.
  path: Assets/RoadArchitect/Textures/Concrete10Normal.png
  artifactKey: Guid(0057a057ce86aeb46acc89bd21e7009e) Importer(815301076,1909f56bfc062723c751e8b465ee728b)
Start importing Assets/RoadArchitect/Textures/Concrete10Normal.png using Guid(0057a057ce86aeb46acc89bd21e7009e) Importer(815301076,1909f56bfc062723c751e8b465ee728b)  -> (artifact id: '5f67503d94fe00da5a0deac921394d3c') in 0.107160 seconds 
========================================================================
Received Import Request.
  Time since last request: 0.000042 seconds.
  path: Assets/Grids & Nets textures pack/Grid 01/diffuse.tga
  artifactKey: Guid(d675874bc322bcd4bb6574f7f983c2d8) Importer(815301076,1909f56bfc062723c751e8b465ee728b)
Start importing Assets/Grids & Nets textures pack/Grid 01/diffuse.tga using Guid(d675874bc322bcd4bb6574f7f983c2d8) Importer(815301076,1909f56bfc062723c751e8b465ee728b)  -> (artifact id: '9041c95ec6e71ddc5acd91c85acb4c30') in 0.135635 seconds 
========================================================================
Received Import Request.
  Time since last request: 0.000112 seconds.
  path: Assets/Grids & Nets textures pack/Camo 01/diffuse.tga
  artifactKey: Guid(a7d3850f06298044fb6fc565215ad96e) Importer(815301076,1909f56bfc062723c751e8b465ee728b)
Start importing Assets/Grids & Nets textures pack/Camo 01/diffuse.tga using Guid(a7d3850f06298044fb6fc565215ad96e) Importer(815301076,1909f56bfc062723c751e8b465ee728b)  -> (artifact id: 'a422f386688804e1cc51561c87f90249') in 0.156251 seconds 
========================================================================
Received Import Request.
  Time since last request: 0.000041 seconds.
  path: Assets/Grids & Nets textures pack/Camo 03/diffuse.tga
  artifactKey: Guid(c5074a4a1bdddf9409e6505716c96bb9) Importer(815301076,1909f56bfc062723c751e8b465ee728b)
Start importing Assets/Grids & Nets textures pack/Camo 03/diffuse.tga using Guid(c5074a4a1bdddf9409e6505716c96bb9) Importer(815301076,1909f56bfc062723c751e8b465ee728b)  -> (artifact id: '419398d4e155230ca88fd1bfc773ade0') in 0.118264 seconds 
========================================================================
Received Import Request.
  Time since last request: 0.000060 seconds.
  path: Assets/RoadArchitect/Textures/Concrete9Diffuse.png
  artifactKey: Guid(b77f80df9b0f41e408730caa3ff8dd2c) Importer(815301076,1909f56bfc062723c751e8b465ee728b)
Start importing Assets/RoadArchitect/Textures/Concrete9Diffuse.png using Guid(b77f80df9b0f41e408730caa3ff8dd2c) Importer(815301076,1909f56bfc062723c751e8b465ee728b)  -> (artifact id: '34bbe82a0db9921509e33f226c160ec3') in 0.074625 seconds 
========================================================================
Received Import Request.
  Time since last request: 0.000046 seconds.
  path: Assets/Grids & Nets textures pack/Grid 03/diffuse.tga
  artifactKey: Guid(8f388ec4f71f6fb42b31516ff79c0e96) Importer(815301076,1909f56bfc062723c751e8b465ee728b)
Start importing Assets/Grids & Nets textures pack/Grid 03/diffuse.tga using Guid(8f388ec4f71f6fb42b31516ff79c0e96) Importer(815301076,1909f56bfc062723c751e8b465ee728b)  -> (artifact id: 'babac2d72c8ae98b9d8f2cd6d4a5009c') in 0.133286 seconds 
========================================================================
Received Import Request.
  Time since last request: 0.000039 seconds.
  path: Assets/Grids & Nets textures pack/Camo 02/diffuse.tga
  artifactKey: Guid(5a5d374563ef25445ad3e3a5ffb89ccd) Importer(815301076,1909f56bfc062723c751e8b465ee728b)
Start importing Assets/Grids & Nets textures pack/Camo 02/diffuse.tga using Guid(5a5d374563ef25445ad3e3a5ffb89ccd) Importer(815301076,1909f56bfc062723c751e8b465ee728b)  -> (artifact id: '2dc9d2654d376c1816ba5b617909c097') in 0.139254 seconds 
========================================================================
Received Import Request.
  Time since last request: 0.000056 seconds.
  path: Assets/RoadArchitect/Textures/Concrete8Diffuse.png
  artifactKey: Guid(b23a410be6d6436479ecae63a2bc5d24) Importer(815301076,1909f56bfc062723c751e8b465ee728b)
Start importing Assets/RoadArchitect/Textures/Concrete8Diffuse.png using Guid(b23a410be6d6436479ecae63a2bc5d24) Importer(815301076,1909f56bfc062723c751e8b465ee728b)  -> (artifact id: 'cebf014a1f2e36b6c936a79e226e2277') in 0.112528 seconds 
========================================================================
Received Import Request.
  Time since last request: 0.000044 seconds.
  path: Assets/RoadArchitect/Textures/FedSigns/330/CrossOnlyCrosswalkDiffuse.png
  artifactKey: Guid(5b425d2c5f7304041b4d905bbc7448e0) Importer(815301076,1909f56bfc062723c751e8b465ee728b)
Start importing Assets/RoadArchitect/Textures/FedSigns/330/CrossOnlyCrosswalkDiffuse.png using Guid(5b425d2c5f7304041b4d905bbc7448e0) Importer(815301076,1909f56bfc062723c751e8b465ee728b)  -> (artifact id: '87c0960802eedfc61698d9de3dfeb396') in 0.089400 seconds 
========================================================================
Received Import Request.
  Time since last request: 0.000041 seconds.
  path: Assets/Grids & Nets textures pack/Net 03/diffuse.tga
  artifactKey: Guid(6d2104d83cc89154a8806cb8b37f230c) Importer(815301076,1909f56bfc062723c751e8b465ee728b)
Start importing Assets/Grids & Nets textures pack/Net 03/diffuse.tga using Guid(6d2104d83cc89154a8806cb8b37f230c) Importer(815301076,1909f56bfc062723c751e8b465ee728b)  -> (artifact id: 'fde3f2ce852eba447bfc4dab8285bf6b') in 0.091117 seconds 
========================================================================
Received Import Request.
  Time since last request: 0.000052 seconds.
  path: Assets/RoadArchitect/Textures/ConcreteXNormal.png
  artifactKey: Guid(1f9df9a7ba5d5bd4e9a676332b5a8328) Importer(815301076,1909f56bfc062723c751e8b465ee728b)
Start importing Assets/RoadArchitect/Textures/ConcreteXNormal.png using Guid(1f9df9a7ba5d5bd4e9a676332b5a8328) Importer(815301076,1909f56bfc062723c751e8b465ee728b)  -> (artifact id: '944f45e57c784945aee86756d4c5def6') in 0.077507 seconds 
========================================================================
Received Import Request.
  Time since last request: 622.535617 seconds.
  path: Assets/RoadArchitect/Editor/Library/Thumbs/NewLayer.terrainlayer
  artifactKey: Guid(b45987d36bedb494ea4d0a5d070f3ca8) Importer(815301076,1909f56bfc062723c751e8b465ee728b)
Start importing Assets/RoadArchitect/Editor/Library/Thumbs/NewLayer.terrainlayer using Guid(b45987d36bedb494ea4d0a5d070f3ca8) Importer(815301076,1909f56bfc062723c751e8b465ee728b)  -> (artifact id: '0a627dc1b6f031dd1ae1850b16e69a5a') in 0.331037 seconds 
========================================================================
Received Import Request.
  Time since last request: 878.722344 seconds.
  path: Assets/goose/fbx
  artifactKey: Guid(6292085896c73ca469df4cab1477bf97) Importer(815301076,1909f56bfc062723c751e8b465ee728b)
Start importing Assets/goose/fbx using Guid(6292085896c73ca469df4cab1477bf97) Importer(815301076,1909f56bfc062723c751e8b465ee728b)  -> (artifact id: 'f0947643a0c3c0038de83bec9992bcf2') in 0.026553 seconds 
========================================================================
Received Import Request.
  Time since last request: 0.536430 seconds.
  path: Assets/goose/fbx/goose_high.fbx
  artifactKey: Guid(5dbb0622797f36b4daa297a15d135c9d) Importer(815301076,1909f56bfc062723c751e8b465ee728b)
Start importing Assets/goose/fbx/goose_high.fbx using Guid(5dbb0622797f36b4daa297a15d135c9d) Importer(815301076,1909f56bfc062723c751e8b465ee728b)  -> (artifact id: 'c9ac6e64e12ae85be1b4dcc53c833ba5') in 0.560657 seconds 
========================================================================
Received Import Request.
  Time since last request: 0.000053 seconds.
  path: Assets/goose/fbx/goose_midle.fbx
  artifactKey: Guid(b3443649681fb664a80b1c5af765d044) Importer(815301076,1909f56bfc062723c751e8b465ee728b)
Start importing Assets/goose/fbx/goose_midle.fbx using Guid(b3443649681fb664a80b1c5af765d044) Importer(815301076,1909f56bfc062723c751e8b465ee728b)  -> (artifact id: '3c9fddd1df71c1894955eae3491ab118') in 0.157958 seconds 
========================================================================
Received Import Request.
  Time since last request: 0.000079 seconds.
  path: Assets/goose/fbx/goose_low.fbx
  artifactKey: Guid(4dd101f906fc5cf48ab6bb7d877a7184) Importer(815301076,1909f56bfc062723c751e8b465ee728b)
Start importing Assets/goose/fbx/goose_low.fbx using Guid(4dd101f906fc5cf48ab6bb7d877a7184) Importer(815301076,1909f56bfc062723c751e8b465ee728b)  -> (artifact id: 'ed02c5eda89a670385e841be302d7659') in 0.120726 seconds 
========================================================================
Received Import Request.
  Time since last request: 87.940618 seconds.
  path: Assets/goose/fbx/Materials
  artifactKey: Guid(4d38ca37c9ab3df4cb558f13f52b0356) Importer(815301076,1909f56bfc062723c751e8b465ee728b)
Start importing Assets/goose/fbx/Materials using Guid(4d38ca37c9ab3df4cb558f13f52b0356) Importer(815301076,1909f56bfc062723c751e8b465ee728b)  -> (artifact id: '2dfdd51cfaf1843801fa53dc390cc34b') in 0.027205 seconds 
========================================================================
Received Import Request.
  Time since last request: 0.387505 seconds.
  path: Assets/goose/fbx/Materials/goose_diff.mat
  artifactKey: Guid(c4ea152cdb4b46d4ebbc259beae44420) Importer(815301076,1909f56bfc062723c751e8b465ee728b)
Start importing Assets/goose/fbx/Materials/goose_diff.mat using Guid(c4ea152cdb4b46d4ebbc259beae44420) Importer(815301076,1909f56bfc062723c751e8b465ee728b)  -> (artifact id: 'fafba0c1b68398f1c5cd28b600c00c00') in 0.186986 seconds 
========================================================================
Received Import Request.
  Time since last request: 0.000069 seconds.
  path: Assets/goose/fbx/Materials/goose_diff2.mat
  artifactKey: Guid(fd14130cfcf529846aadb3c5bbfd7f84) Importer(815301076,1909f56bfc062723c751e8b465ee728b)
Start importing Assets/goose/fbx/Materials/goose_diff2.mat using Guid(fd14130cfcf529846aadb3c5bbfd7f84) Importer(815301076,1909f56bfc062723c751e8b465ee728b)  -> (artifact id: '00d7a23e6c9e0289aa4d9ede57f4a0ac') in 0.103049 seconds 
========================================================================
Received Import Request.
  Time since last request: 1.386596 seconds.
  path: Assets/goose/Prefabs/goose_high.prefab
  artifactKey: Guid(f6926179f2e4db846a8571f93edadf43) Importer(815301076,1909f56bfc062723c751e8b465ee728b)
Start importing Assets/goose/Prefabs/goose_high.prefab using Guid(f6926179f2e4db846a8571f93edadf43) Importer(815301076,1909f56bfc062723c751e8b465ee728b)  -> (artifact id: 'eb92760a44044aa689ed24fd4700d458') in 0.062567 seconds 
========================================================================
Received Import Request.
  Time since last request: 0.000043 seconds.
  path: Assets/goose/Prefabs/goose_low.prefab
  artifactKey: Guid(57f0af59efd5897468478eef3a822202) Importer(815301076,1909f56bfc062723c751e8b465ee728b)
Start importing Assets/goose/Prefabs/goose_low.prefab using Guid(57f0af59efd5897468478eef3a822202) Importer(815301076,1909f56bfc062723c751e8b465ee728b)  -> (artifact id: '623efa3f1da8f154c1af16d100aafa0c') in 0.118594 seconds 
========================================================================
Received Import Request.
  Time since last request: 0.000054 seconds.
  path: Assets/goose/Prefabs/goose_midle.prefab
  artifactKey: Guid(16632b59455e1e3428fa8a204fa8eba3) Importer(815301076,1909f56bfc062723c751e8b465ee728b)
Start importing Assets/goose/Prefabs/goose_midle.prefab using Guid(16632b59455e1e3428fa8a204fa8eba3) Importer(815301076,1909f56bfc062723c751e8b465ee728b)  -> (artifact id: 'ca51c8861b75749ff10b77a1c3e54cee') in 0.084135 seconds 
========================================================================
Received Import Request.
  Time since last request: 1.039714 seconds.
  path: Assets/goose/textures/goose_diff.png
  artifactKey: Guid(095980eaf6f94cb4e94a90880e266eb8) Importer(815301076,1909f56bfc062723c751e8b465ee728b)
Start importing Assets/goose/textures/goose_diff.png using Guid(095980eaf6f94cb4e94a90880e266eb8) Importer(815301076,1909f56bfc062723c751e8b465ee728b)  -> (artifact id: 'f38c2318ca6fcd41b407f113d8a52a3d') in 0.052622 seconds 
========================================================================
Received Import Request.
  Time since last request: 0.000033 seconds.
  path: Assets/goose/textures/goose_diff2.png
  artifactKey: Guid(69d215003ef45264da9427f48d799d42) Importer(815301076,1909f56bfc062723c751e8b465ee728b)
Start importing Assets/goose/textures/goose_diff2.png using Guid(69d215003ef45264da9427f48d799d42) Importer(815301076,1909f56bfc062723c751e8b465ee728b)  -> (artifact id: 'e1dcfc83b632c34f90292868ac32b3cd') in 0.084633 seconds 
========================================================================
Received Import Request.
  Time since last request: 0.000070 seconds.
  path: Assets/goose/textures/goose_norm.png
  artifactKey: Guid(d6bf2ce9eb306e7429a6679529db98b2) Importer(815301076,1909f56bfc062723c751e8b465ee728b)
Start importing Assets/goose/textures/goose_norm.png using Guid(d6bf2ce9eb306e7429a6679529db98b2) Importer(815301076,1909f56bfc062723c751e8b465ee728b)  -> (artifact id: '31e5510ba79f74bac2deae4c652a15a5') in 0.064921 seconds 
========================================================================
Received Import Request.
  Time since last request: 0.000055 seconds.
  path: Assets/goose/textures/goose_norm2.png
  artifactKey: Guid(435e2d1d82a1c3d4588fbe7c07c5d944) Importer(815301076,1909f56bfc062723c751e8b465ee728b)
Start importing Assets/goose/textures/goose_norm2.png using Guid(435e2d1d82a1c3d4588fbe7c07c5d944) Importer(815301076,1909f56bfc062723c751e8b465ee728b)  -> (artifact id: '8aa1a61fd53a28e294cc098718bb388b') in 0.093101 seconds 
========================================================================
Received Import Request.
  Time since last request: 809.308028 seconds.
  path: Assets/Standard Assets/ParticleSystems/Prefabs/Afterburner.prefab
  artifactKey: Guid(d8c41be67f41aa545ae053b0b927f821) Importer(815301076,1909f56bfc062723c751e8b465ee728b)
Start importing Assets/Standard Assets/ParticleSystems/Prefabs/Afterburner.prefab using Guid(d8c41be67f41aa545ae053b0b927f821) Importer(815301076,1909f56bfc062723c751e8b465ee728b)  -> (artifact id: '352b355b685e460d0a9c15b8ca4492cd') in 0.539292 seconds 
========================================================================
Received Import Request.
  Time since last request: 2.002779 seconds.
  path: Assets/Standard Assets/Effects/Projectors/Prefabs/BlobLightProjector.prefab
  artifactKey: Guid(21543d2b66928224f8a9536ff3811682) Importer(815301076,1909f56bfc062723c751e8b465ee728b)
Start importing Assets/Standard Assets/Effects/Projectors/Prefabs/BlobLightProjector.prefab using Guid(21543d2b66928224f8a9536ff3811682) Importer(815301076,1909f56bfc062723c751e8b465ee728b)  -> (artifact id: '088c630973350141d3acbe0b75f02fbc') in 0.023474 seconds 
========================================================================
Received Import Request.
  Time since last request: 0.000040 seconds.
  path: Assets/Standard Assets/Effects/Projectors/Prefabs/BlobShadowProjector.prefab
  artifactKey: Guid(28a5e79925e3ce04a82856c16a572cbe) Importer(815301076,1909f56bfc062723c751e8b465ee728b)
Start importing Assets/Standard Assets/Effects/Projectors/Prefabs/BlobShadowProjector.prefab using Guid(28a5e79925e3ce04a82856c16a572cbe) Importer(815301076,1909f56bfc062723c751e8b465ee728b)  -> (artifact id: '9f06dcb57133e5295c5626b02442b01e') in 0.031552 seconds 
========================================================================
Received Import Request.
  Time since last request: 0.128880 seconds.
  path: Assets/SampleScenes/Prefabs/Box.prefab
  artifactKey: Guid(d29ba28bd5caaed429838de8bac7be72) Importer(815301076,1909f56bfc062723c751e8b465ee728b)
Start importing Assets/SampleScenes/Prefabs/Box.prefab using Guid(d29ba28bd5caaed429838de8bac7be72) Importer(815301076,1909f56bfc062723c751e8b465ee728b)  -> (artifact id: '4f9d9912edb17f42abfc5e80b7724477') in 0.048929 seconds 
========================================================================
Received Import Request.
  Time since last request: 0.000053 seconds.
  path: Assets/SampleScenes/Prefabs/BoxPile.prefab
  artifactKey: Guid(ff3366103894bec429eeaa9b86b595e6) Importer(815301076,1909f56bfc062723c751e8b465ee728b)
Start importing Assets/SampleScenes/Prefabs/BoxPile.prefab using Guid(ff3366103894bec429eeaa9b86b595e6) Importer(815301076,1909f56bfc062723c751e8b465ee728b)  -> (artifact id: '9433246aa29a8b13d0f5db764ddbc5ad') in 0.080511 seconds 
========================================================================
Received Import Request.
  Time since last request: 24.249949 seconds.
  path: Assets/SampleScenes/Prefabs/BoxSmall.prefab
  artifactKey: Guid(75c27bf47f501a74fa5723911612c226) Importer(815301076,1909f56bfc062723c751e8b465ee728b)
Start importing Assets/SampleScenes/Prefabs/BoxSmall.prefab using Guid(75c27bf47f501a74fa5723911612c226) Importer(815301076,1909f56bfc062723c751e8b465ee728b)  -> (artifact id: '2bf992c0b85cb6f4114aa5018875de64') in 0.038922 seconds 
========================================================================
Received Import Request.
  Time since last request: 0.000056 seconds.
  path: Assets/SampleScenes/Models/Brick.fbx
  artifactKey: Guid(9ced0c52dc1504d4da20513052fdc602) Importer(815301076,1909f56bfc062723c751e8b465ee728b)
Start importing Assets/SampleScenes/Models/Brick.fbx using Guid(9ced0c52dc1504d4da20513052fdc602) Importer(815301076,1909f56bfc062723c751e8b465ee728b)  -> (artifact id: '244f7f9f1b6c6edbd38c05faa51ad866') in 0.081602 seconds 
========================================================================
Received Import Request.
  Time since last request: 228.515953 seconds.
  path: Assets/Standard Assets/Environment/SpeedTree/Broadleaf/Broadleaf_Desktop.spm
  artifactKey: Guid(c91c1eb85782d5748ace27eb4d7415bb) Importer(815301076,1909f56bfc062723c751e8b465ee728b)
Start importing Assets/Standard Assets/Environment/SpeedTree/Broadleaf/Broadleaf_Desktop.spm using Guid(c91c1eb85782d5748ace27eb4d7415bb) Importer(815301076,1909f56bfc062723c751e8b465ee728b)  -> (artifact id: '7c722cd9b3176e73db8819d3ecf3e435') in 5.310928 seconds 
========================================================================
Received Import Request.
  Time since last request: 0.000066 seconds.
  path: Assets/Standard Assets/Vehicles/Car/Prefabs/Car.prefab
  artifactKey: Guid(0e7ee4df08df88c4880f43398f9ad2c2) Importer(815301076,1909f56bfc062723c751e8b465ee728b)
Start importing Assets/Standard Assets/Vehicles/Car/Prefabs/Car.prefab using Guid(0e7ee4df08df88c4880f43398f9ad2c2) Importer(815301076,1909f56bfc062723c751e8b465ee728b)  -> (artifact id: 'c90a9385ca929759a575c188ac2383c8') in 0.453357 seconds 
========================================================================
Received Import Request.
  Time since last request: 0.000089 seconds.
  path: Assets/Standard Assets/Vehicles/Car/Prefabs/CarWaypointBased.prefab
  artifactKey: Guid(0fb4610dba67fc24cb2a6674fb155fc1) Importer(815301076,1909f56bfc062723c751e8b465ee728b)
Start importing Assets/Standard Assets/Vehicles/Car/Prefabs/CarWaypointBased.prefab using Guid(0fb4610dba67fc24cb2a6674fb155fc1) Importer(815301076,1909f56bfc062723c751e8b465ee728b)  -> (artifact id: '4414210dea5b75f9fafc0d23145843bc') in 0.127372 seconds 
========================================================================
Received Import Request.
  Time since last request: 0.000050 seconds.
  path: Assets/Standard Assets/ParticleSystems/Prefabs/DustStorm.prefab
  artifactKey: Guid(1f7aa4d40edff6e48b549003cad031e1) Importer(815301076,1909f56bfc062723c751e8b465ee728b)
Start importing Assets/Standard Assets/ParticleSystems/Prefabs/DustStorm.prefab using Guid(1f7aa4d40edff6e48b549003cad031e1) Importer(815301076,1909f56bfc062723c751e8b465ee728b)  -> (artifact id: '52f91e9303188100cad547c092db89de') in 0.150425 seconds 
========================================================================
Received Import Request.
  Time since last request: 0.000042 seconds.
  path: Assets/SampleScenes/Prefabs/CameraSwitch.prefab
  artifactKey: Guid(fdc378243b95c2144aa66bfc382d1b75) Importer(815301076,1909f56bfc062723c751e8b465ee728b)
Start importing Assets/SampleScenes/Prefabs/CameraSwitch.prefab using Guid(fdc378243b95c2144aa66bfc382d1b75) Importer(815301076,1909f56bfc062723c751e8b465ee728b)  -> (artifact id: '7e8356961996353ecca87f45daaa2aad') in 0.127561 seconds 
========================================================================
Received Import Request.
  Time since last request: 0.000049 seconds.
  path: Assets/Standard Assets/Environment/SpeedTree/Broadleaf/Broadleaf_Mobile.spm
  artifactKey: Guid(6aab193b7693b5e4c9741f1917d2987c) Importer(815301076,1909f56bfc062723c751e8b465ee728b)
Start importing Assets/Standard Assets/Environment/SpeedTree/Broadleaf/Broadleaf_Mobile.spm using Guid(6aab193b7693b5e4c9741f1917d2987c) Importer(815301076,1909f56bfc062723c751e8b465ee728b)  -> (artifact id: 'cd8640bccda3a03fe02a54bb2d45916a') in 0.228317 seconds 
========================================================================
Received Import Request.
  Time since last request: 0.000085 seconds.
  path: Assets/SampleScenes/Prefabs/CameraSwitchUI.prefab
  artifactKey: Guid(b3495d363d7ccba40bc3e92c1a184e28) Importer(815301076,1909f56bfc062723c751e8b465ee728b)
Start importing Assets/SampleScenes/Prefabs/CameraSwitchUI.prefab using Guid(b3495d363d7ccba40bc3e92c1a184e28) Importer(815301076,1909f56bfc062723c751e8b465ee728b)  -> (artifact id: '2ee51a498677c6e70c9f0befc453b185') in 0.037599 seconds 
========================================================================
Received Import Request.
  Time since last request: 0.000048 seconds.
  path: Assets/SampleScenes/Models/Cube.fbx
  artifactKey: Guid(ef6178546f77bc546af127fb4c56da0c) Importer(815301076,1909f56bfc062723c751e8b465ee728b)
Start importing Assets/SampleScenes/Models/Cube.fbx using Guid(ef6178546f77bc546af127fb4c56da0c) Importer(815301076,1909f56bfc062723c751e8b465ee728b)  -> (artifact id: 'efba87804b055cc0005f42032ed384e9') in 0.105515 seconds 
========================================================================
Received Import Request.
  Time since last request: 0.000044 seconds.
  path: Assets/Standard Assets/ParticleSystems/Prefabs/Explosion.prefab
  artifactKey: Guid(031d08f52af1daa4f929b85221519426) Importer(815301076,1909f56bfc062723c751e8b465ee728b)
Start importing Assets/Standard Assets/ParticleSystems/Prefabs/Explosion.prefab using Guid(031d08f52af1daa4f929b85221519426) Importer(815301076,1909f56bfc062723c751e8b465ee728b)  -> (artifact id: 'be75c5755fd9c5015606857b16f31d4f') in 0.182021 seconds 
========================================================================
Received Import Request.
  Time since last request: 0.000051 seconds.
  path: Assets/Standard Assets/ParticleSystems/Prefabs/ExplosionMobile.prefab
  artifactKey: Guid(645413a00f7bd0242bbd6d0e5eb6f439) Importer(815301076,1909f56bfc062723c751e8b465ee728b)
Start importing Assets/Standard Assets/ParticleSystems/Prefabs/ExplosionMobile.prefab using Guid(645413a00f7bd0242bbd6d0e5eb6f439) Importer(815301076,1909f56bfc062723c751e8b465ee728b)  -> (artifact id: 'e31a349faf61f2eed04a608cc107be9d') in 0.079060 seconds 
========================================================================
Received Import Request.
  Time since last request: 0.000121 seconds.
  path: Assets/Standard Assets/ParticleSystems/Prefabs/DustStormMobile.prefab
  artifactKey: Guid(ed1c797ec3736704db03a0d64d010e33) Importer(815301076,1909f56bfc062723c751e8b465ee728b)
Start importing Assets/Standard Assets/ParticleSystems/Prefabs/DustStormMobile.prefab using Guid(ed1c797ec3736704db03a0d64d010e33) Importer(815301076,1909f56bfc062723c751e8b465ee728b)  -> (artifact id: '56b73ea52e7be8dd4db6dc15466c56a8') in 0.101977 seconds 
========================================================================
Received Import Request.
  Time since last request: 1.100458 seconds.
  path: Assets/Standard Assets/ParticleSystems/Prefabs/FireComplex.prefab
  artifactKey: Guid(bf495eacf58e31146ab012aa89ac68da) Importer(815301076,1909f56bfc062723c751e8b465ee728b)
Start importing Assets/Standard Assets/ParticleSystems/Prefabs/FireComplex.prefab using Guid(bf495eacf58e31146ab012aa89ac68da) Importer(815301076,1909f56bfc062723c751e8b465ee728b)  -> (artifact id: '19921eb3dc68a5cd664366033a718ef8') in 0.540780 seconds 
========================================================================
Received Import Request.
  Time since last request: 0.000069 seconds.
  path: Assets/Standard Assets/ParticleSystems/Prefabs/FlareMobile.prefab
  artifactKey: Guid(ccbcfc705a39717429590a9f247ec30a) Importer(815301076,1909f56bfc062723c751e8b465ee728b)
Start importing Assets/Standard Assets/ParticleSystems/Prefabs/FlareMobile.prefab using Guid(ccbcfc705a39717429590a9f247ec30a) Importer(815301076,1909f56bfc062723c751e8b465ee728b)  -> (artifact id: 'df5d18285718d25a880c34ed5fccfdaa') in 0.131793 seconds 
========================================================================
Received Import Request.
  Time since last request: 0.000078 seconds.
  path: Assets/Standard Assets/ParticleSystems/Prefabs/Flare.prefab
  artifactKey: Guid(0438351a6e6422d43a09930e9be00ee9) Importer(815301076,1909f56bfc062723c751e8b465ee728b)
Start importing Assets/Standard Assets/ParticleSystems/Prefabs/Flare.prefab using Guid(0438351a6e6422d43a09930e9be00ee9) Importer(815301076,1909f56bfc062723c751e8b465ee728b)  -> (artifact id: '8dd264b14d0d3315eea80ae6b1311290') in 0.153623 seconds 
========================================================================
Received Import Request.
  Time since last request: 0.000043 seconds.
  path: Assets/Standard Assets/ParticleSystems/Prefabs/Fireworks.prefab
  artifactKey: Guid(180149b1a35449044a27b451e816d2de) Importer(815301076,1909f56bfc062723c751e8b465ee728b)
Start importing Assets/Standard Assets/ParticleSystems/Prefabs/Fireworks.prefab using Guid(180149b1a35449044a27b451e816d2de) Importer(815301076,1909f56bfc062723c751e8b465ee728b)  -> (artifact id: '751efff1db788a7358cbae88e5775642') in 0.079378 seconds 
========================================================================
Received Import Request.
  Time since last request: 0.000066 seconds.
  path: Assets/Standard Assets/ParticleSystems/Prefabs/FireMobile.prefab
  artifactKey: Guid(b99a0a5998b2736429fd2a2fd1d01c5e) Importer(815301076,1909f56bfc062723c751e8b465ee728b)
Start importing Assets/Standard Assets/ParticleSystems/Prefabs/FireMobile.prefab using Guid(b99a0a5998b2736429fd2a2fd1d01c5e) Importer(815301076,1909f56bfc062723c751e8b465ee728b)  -> (artifact id: '14c786026b3c3b933d42ba8a45428836') in 0.069020 seconds 
========================================================================
Received Import Request.
  Time since last request: 23.872022 seconds.
  path: Assets/SampleScenes/Models/GoalPosts.fbx
  artifactKey: Guid(dbd33ca8053b5cb4790c6766343d4fb9) Importer(815301076,1909f56bfc062723c751e8b465ee728b)
Start importing Assets/SampleScenes/Models/GoalPosts.fbx using Guid(dbd33ca8053b5cb4790c6766343d4fb9) Importer(815301076,1909f56bfc062723c751e8b465ee728b)  -> (artifact id: 'fb66a22c514ebcd4ba934326d54d6c24') in 0.069124 seconds 
========================================================================
Received Import Request.
  Time since last request: 0.000044 seconds.
  path: Assets/SampleScenes/Prefabs/GoalPosts.prefab
  artifactKey: Guid(6df3f650b33fa604cb3f5923fa50d053) Importer(815301076,1909f56bfc062723c751e8b465ee728b)
Start importing Assets/SampleScenes/Prefabs/GoalPosts.prefab using Guid(6df3f650b33fa604cb3f5923fa50d053) Importer(815301076,1909f56bfc062723c751e8b465ee728b)  -> (artifact id: '8b084ae5409d06c7302e642aac720ae7') in 0.090501 seconds 
========================================================================
Received Import Request.
  Time since last request: 2.789827 seconds.
  path: Assets/Standard Assets/Effects/Projectors/Prefabs/GridProjector.prefab
  artifactKey: Guid(46b12845355544642bf8f9d0cb373af7) Importer(815301076,1909f56bfc062723c751e8b465ee728b)
Start importing Assets/Standard Assets/Effects/Projectors/Prefabs/GridProjector.prefab using Guid(46b12845355544642bf8f9d0cb373af7) Importer(815301076,1909f56bfc062723c751e8b465ee728b)  -> (artifact id: 'b4b13c0f971481bc8fef1533463c8ce7') in 0.027094 seconds 
========================================================================
Received Import Request.
  Time since last request: 0.000049 seconds.
  path: Assets/SampleScenes/Prefabs/GroundArena.prefab
  artifactKey: Guid(2799e6cfaf283a84e883ca79ffce608e) Importer(815301076,1909f56bfc062723c751e8b465ee728b)
Start importing Assets/SampleScenes/Prefabs/GroundArena.prefab using Guid(2799e6cfaf283a84e883ca79ffce608e) Importer(815301076,1909f56bfc062723c751e8b465ee728b)  -> (artifact id: 'c49e0f9bf35c639558bdd004f7c81ea2') in 0.077427 seconds 
========================================================================
Received Import Request.
  Time since last request: 0.000037 seconds.
  path: Assets/SampleScenes/Models/GroundRunway.FBX
  artifactKey: Guid(b02e63c7c24117e45acd64f6e5ede314) Importer(815301076,1909f56bfc062723c751e8b465ee728b)
Start importing Assets/SampleScenes/Models/GroundRunway.FBX using Guid(b02e63c7c24117e45acd64f6e5ede314) Importer(815301076,1909f56bfc062723c751e8b465ee728b)  -> (artifact id: '9984aa1036266e17cf22177cf3ed28d2') in 0.189517 seconds 
========================================================================
Received Import Request.
  Time since last request: 0.000048 seconds.
  path: Assets/SampleScenes/Models/GroundObstacles.FBX
  artifactKey: Guid(f57127cfcc32ab9419af130b6a9211fb) Importer(815301076,1909f56bfc062723c751e8b465ee728b)
Start importing Assets/SampleScenes/Models/GroundObstacles.FBX using Guid(f57127cfcc32ab9419af130b6a9211fb) Importer(815301076,1909f56bfc062723c751e8b465ee728b)  -> (artifact id: '5374b62acc3f53049c026a79a6c2ce40') in 0.129360 seconds 
========================================================================
Received Import Request.
  Time since last request: 0.000042 seconds.
  path: Assets/SampleScenes/Prefabs/GroundObstacles.prefab
  artifactKey: Guid(95bbe2885334e3c46b79c3419edb469c) Importer(815301076,1909f56bfc062723c751e8b465ee728b)
Start importing Assets/SampleScenes/Prefabs/GroundObstacles.prefab using Guid(95bbe2885334e3c46b79c3419edb469c) Importer(815301076,1909f56bfc062723c751e8b465ee728b)  -> (artifact id: '9f8cbe447d15319ae97a3c1b8d2a523e') in 0.051429 seconds 
========================================================================
Received Import Request.
  Time since last request: 0.000040 seconds.
  path: Assets/SampleScenes/Prefabs/GroundRunway.prefab
  artifactKey: Guid(00690c0e075198740bd736a4731c7a90) Importer(815301076,1909f56bfc062723c751e8b465ee728b)
Start importing Assets/SampleScenes/Prefabs/GroundRunway.prefab using Guid(00690c0e075198740bd736a4731c7a90) Importer(815301076,1909f56bfc062723c751e8b465ee728b)  -> (artifact id: '2e94034cfd8f4486f4f4983a49f355aa') in 0.050726 seconds 
========================================================================
Received Import Request.
  Time since last request: 0.214037 seconds.
  path: Assets/SampleScenes/Models/GroundTrack.fbx
  artifactKey: Guid(2afa5a1773ca1f84f98c062866a8be55) Importer(815301076,1909f56bfc062723c751e8b465ee728b)
Start importing Assets/SampleScenes/Models/GroundTrack.fbx using Guid(2afa5a1773ca1f84f98c062866a8be55) Importer(815301076,1909f56bfc062723c751e8b465ee728b)  -> (artifact id: '54dc1eb12b5c8924de980b6e3115c2c3') in 0.145812 seconds 
========================================================================
Received Import Request.
  Time since last request: 0.000035 seconds.
  path: Assets/Standard Assets/ParticleSystems/Prefabs/HoseMobile.prefab
  artifactKey: Guid(4dbf077105ba797428d118320f2a10aa) Importer(815301076,1909f56bfc062723c751e8b465ee728b)
Start importing Assets/Standard Assets/ParticleSystems/Prefabs/HoseMobile.prefab using Guid(4dbf077105ba797428d118320f2a10aa) Importer(815301076,1909f56bfc062723c751e8b465ee728b)  -> (artifact id: 'f85c8d6589b30416061cd86c76ac57cd') in 0.133128 seconds 
========================================================================
Received Import Request.
  Time since last request: 0.000038 seconds.
  path: Assets/SampleScenes/Prefabs/GroundTrack.prefab
  artifactKey: Guid(f7afdcb1eabdee54790f55f84e3e4ac8) Importer(815301076,1909f56bfc062723c751e8b465ee728b)
Start importing Assets/SampleScenes/Prefabs/GroundTrack.prefab using Guid(f7afdcb1eabdee54790f55f84e3e4ac8) Importer(815301076,1909f56bfc062723c751e8b465ee728b)  -> (artifact id: 'c8ee74bac752420fb5ea05d942ee3d05') in 0.053708 seconds 
========================================================================
Received Import Request.
  Time since last request: 0.000069 seconds.
  path: Assets/SampleScenes/Prefabs/House.prefab
  artifactKey: Guid(cd3018213230a5c49a0e0f4609a10b9d) Importer(815301076,1909f56bfc062723c751e8b465ee728b)
Start importing Assets/SampleScenes/Prefabs/House.prefab using Guid(cd3018213230a5c49a0e0f4609a10b9d) Importer(815301076,1909f56bfc062723c751e8b465ee728b)  -> (artifact id: 'c98540b491b557113656ed7ab6d02e8d') in 0.038612 seconds 
========================================================================
Received Import Request.
  Time since last request: 0.000042 seconds.
  path: Assets/Standard Assets/ParticleSystems/Prefabs/Hose.prefab
  artifactKey: Guid(fae5d333f43a55744ab0c44fecefdcae) Importer(815301076,1909f56bfc062723c751e8b465ee728b)
Start importing Assets/Standard Assets/ParticleSystems/Prefabs/Hose.prefab using Guid(fae5d333f43a55744ab0c44fecefdcae) Importer(815301076,1909f56bfc062723c751e8b465ee728b)  -> (artifact id: '3cc73a186fc2dd6db664ada117e4af60') in 0.079203 seconds 
========================================================================
Received Import Request.
  Time since last request: 0.822403 seconds.
  path: Assets/SampleScenes/Models/LaserBolt.fbx
  artifactKey: Guid(ee3f0b52fe10f194fb33c1423defa973) Importer(815301076,1909f56bfc062723c751e8b465ee728b)
Start importing Assets/SampleScenes/Models/LaserBolt.fbx using Guid(ee3f0b52fe10f194fb33c1423defa973) Importer(815301076,1909f56bfc062723c751e8b465ee728b)  -> (artifact id: '88ab9b58fc7b6521a82b1207b8c11e21') in 0.142036 seconds 
========================================================================
Received Import Request.
  Time since last request: 0.000055 seconds.
  path: Assets/SampleScenes/Prefabs/Loop.prefab
  artifactKey: Guid(a2dd655bfef0f0849a2c33d8fb4a029c) Importer(815301076,1909f56bfc062723c751e8b465ee728b)
Start importing Assets/SampleScenes/Prefabs/Loop.prefab using Guid(a2dd655bfef0f0849a2c33d8fb4a029c) Importer(815301076,1909f56bfc062723c751e8b465ee728b)  -> (artifact id: '21e93f3d146f3d21328cf0cd08937174') in 0.110704 seconds 
========================================================================
Received Import Request.
  Time since last request: 0.000298 seconds.
  path: Assets/SampleScenes/Models/Loop.fbx
  artifactKey: Guid(1d47ea6078c7f594e9aaf5f353bf61ba) Importer(815301076,1909f56bfc062723c751e8b465ee728b)
Start importing Assets/SampleScenes/Models/Loop.fbx using Guid(1d47ea6078c7f594e9aaf5f353bf61ba) Importer(815301076,1909f56bfc062723c751e8b465ee728b)  -> (artifact id: 'a965ce4c44263d9e0c1603e6ae2b3c51') in 0.092272 seconds 
========================================================================
Received Import Request.
  Time since last request: 0.000033 seconds.
  path: Assets/SampleScenes/Prefabs/LevelResetUI.prefab
  artifactKey: Guid(d2aaa8a2832d77144aa84d5d309ae2b3) Importer(815301076,1909f56bfc062723c751e8b465ee728b)
Start importing Assets/SampleScenes/Prefabs/LevelResetUI.prefab using Guid(d2aaa8a2832d77144aa84d5d309ae2b3) Importer(815301076,1909f56bfc062723c751e8b465ee728b)  -> (artifact id: '4595756e8c35d475b5922e0cf56a346b') in 0.032861 seconds 
========================================================================
Received Import Request.
  Time since last request: 0.625575 seconds.
  path: Assets/SampleScenes/Models/MiniRamps.fbx
  artifactKey: Guid(b87e14348acae3449a86167ae5521ac4) Importer(815301076,1909f56bfc062723c751e8b465ee728b)
Start importing Assets/SampleScenes/Models/MiniRamps.fbx using Guid(b87e14348acae3449a86167ae5521ac4) Importer(815301076,1909f56bfc062723c751e8b465ee728b)  -> (artifact id: 'eac134ec2a3a35740aa5c6547d71a714') in 0.054248 seconds 
========================================================================
Received Import Request.
  Time since last request: 0.000095 seconds.
  path: Assets/SampleScenes/Prefabs/MobileShaderReplacements.prefab
  artifactKey: Guid(76d89ae3180ce424ba0da8fc43e02035) Importer(815301076,1909f56bfc062723c751e8b465ee728b)
Start importing Assets/SampleScenes/Prefabs/MobileShaderReplacements.prefab using Guid(76d89ae3180ce424ba0da8fc43e02035) Importer(815301076,1909f56bfc062723c751e8b465ee728b)  -> (artifact id: 'ae3fa0f61b338976e8027c1025c4133b') in 0.033390 seconds 
========================================================================
Received Import Request.
  Time since last request: 0.167959 seconds.
  path: Assets/Standard Assets/Environment/Water/Water4/Models/OceanPlane.FBX
  artifactKey: Guid(681e41ee1260343b395ca58745c94870) Importer(815301076,1909f56bfc062723c751e8b465ee728b)
Start importing Assets/Standard Assets/Environment/Water/Water4/Models/OceanPlane.FBX using Guid(681e41ee1260343b395ca58745c94870) Importer(815301076,1909f56bfc062723c751e8b465ee728b)  -> (artifact id: '27c0e10ff05485641997b146c8687480') in 0.315341 seconds 
========================================================================
Received Import Request.
  Time since last request: 0.311630 seconds.
  path: Assets/Standard Assets/Environment/SpeedTree/Palm/Palm_Desktop.spm
  artifactKey: Guid(d027af1092f6b434090f040565e7e656) Importer(815301076,1909f56bfc062723c751e8b465ee728b)
Start importing Assets/Standard Assets/Environment/SpeedTree/Palm/Palm_Desktop.spm using Guid(d027af1092f6b434090f040565e7e656) Importer(815301076,1909f56bfc062723c751e8b465ee728b)  -> (artifact id: '70e625f64ff4eb65bafe8fac6cae4266') in 0.203456 seconds 
========================================================================
Received Import Request.
  Time since last request: 0.000038 seconds.
  path: Assets/SampleScenes/Models/Pickup.fbx
  artifactKey: Guid(959be6347b65b7a4c9baa6bc323541fd) Importer(815301076,1909f56bfc062723c751e8b465ee728b)
Start importing Assets/SampleScenes/Models/Pickup.fbx using Guid(959be6347b65b7a4c9baa6bc323541fd) Importer(815301076,1909f56bfc062723c751e8b465ee728b)  -> (artifact id: '233421f8cab27dd23f003d22241828c6') in 0.082797 seconds 
========================================================================
Received Import Request.
  Time since last request: 0.000067 seconds.
  path: Assets/SampleScenes/Prefabs/Pillar.prefab
  artifactKey: Guid(d23a205aa0ed1234ba0a327f1232ff7e) Importer(815301076,1909f56bfc062723c751e8b465ee728b)
Start importing Assets/SampleScenes/Prefabs/Pillar.prefab using Guid(d23a205aa0ed1234ba0a327f1232ff7e) Importer(815301076,1909f56bfc062723c751e8b465ee728b)  -> (artifact id: 'a44e7341b1d3405fe71289944597de7c') in 0.057305 seconds 
========================================================================
Received Import Request.
  Time since last request: 0.000043 seconds.
  path: Assets/SampleScenes/Models/Platform.fbx
  artifactKey: Guid(41807bb6e4134a34aaf92fbad2e07bbc) Importer(815301076,1909f56bfc062723c751e8b465ee728b)
Start importing Assets/SampleScenes/Models/Platform.fbx using Guid(41807bb6e4134a34aaf92fbad2e07bbc) Importer(815301076,1909f56bfc062723c751e8b465ee728b)  -> (artifact id: '9c8df5415fc52967078e4c90892950b6') in 0.072756 seconds 
========================================================================
Received Import Request.
  Time since last request: 0.000043 seconds.
  path: Assets/SampleScenes/Models/Pillar.fbx
  artifactKey: Guid(2f1a6a1aa4c4ac74096a01849d901a17) Importer(815301076,1909f56bfc062723c751e8b465ee728b)
Start importing Assets/SampleScenes/Models/Pillar.fbx using Guid(2f1a6a1aa4c4ac74096a01849d901a17) Importer(815301076,1909f56bfc062723c751e8b465ee728b)  -> (artifact id: '668203f427eb62446064b3b7ef2e2a02') in 0.090969 seconds 
========================================================================
Received Import Request.
  Time since last request: 0.000046 seconds.
  path: Assets/SampleScenes/Prefabs/Pickup.prefab
  artifactKey: Guid(2ed830309d1c9f640a65bf22d9060af1) Importer(815301076,1909f56bfc062723c751e8b465ee728b)
Start importing Assets/SampleScenes/Prefabs/Pickup.prefab using Guid(2ed830309d1c9f640a65bf22d9060af1) Importer(815301076,1909f56bfc062723c751e8b465ee728b)  -> (artifact id: '113d93fc82a4d1781031a225182e7873') in 0.090299 seconds 
========================================================================
Received Import Request.
  Time since last request: 4.416899 seconds.
  path: Assets/SampleScenes/Models/Platforms.fbx
  artifactKey: Guid(c35d6bf90f6954140bdbb6cd51b608ac) Importer(815301076,1909f56bfc062723c751e8b465ee728b)
Start importing Assets/SampleScenes/Models/Platforms.fbx using Guid(c35d6bf90f6954140bdbb6cd51b608ac) Importer(815301076,1909f56bfc062723c751e8b465ee728b)  -> (artifact id: 'aa0a613b4e1ef7e909546052a4dc7ce0') in 0.160372 seconds 
========================================================================
Received Import Request.
  Time since last request: 0.000087 seconds.
  path: Assets/SampleScenes/Models/PrimaryJumpRamp.fbx
  artifactKey: Guid(e5a593bc7144a6c45b7a3d4543355ec4) Importer(815301076,1909f56bfc062723c751e8b465ee728b)
Start importing Assets/SampleScenes/Models/PrimaryJumpRamp.fbx using Guid(e5a593bc7144a6c45b7a3d4543355ec4) Importer(815301076,1909f56bfc062723c751e8b465ee728b)  -> (artifact id: 'f1bdf882dfb80d18a018dcc836150803') in 0.115427 seconds 
========================================================================
Received Import Request.
  Time since last request: 47.023679 seconds.
  path: Assets/SampleScenes/Models/RampElevated.fbx
  artifactKey: Guid(18dd8d7cbc4bc6a49ba9d26e2994c5bf) Importer(815301076,1909f56bfc062723c751e8b465ee728b)
Start importing Assets/SampleScenes/Models/RampElevated.fbx using Guid(18dd8d7cbc4bc6a49ba9d26e2994c5bf) Importer(815301076,1909f56bfc062723c751e8b465ee728b)  -> (artifact id: '080328d56732f5828aacc0aae2fdef6a') in 0.124566 seconds 
========================================================================
Received Import Request.
  Time since last request: 0.000051 seconds.
  path: Assets/SampleScenes/Prefabs/Ring.prefab
  artifactKey: Guid(e9aa4b7def958e54bad9089e96b5a063) Importer(815301076,1909f56bfc062723c751e8b465ee728b)
Start importing Assets/SampleScenes/Prefabs/Ring.prefab using Guid(e9aa4b7def958e54bad9089e96b5a063) Importer(815301076,1909f56bfc062723c751e8b465ee728b)  -> (artifact id: '675783e1cced0f60024fd08d64fdb63a') in 0.076667 seconds 
========================================================================
Received Import Request.
  Time since last request: 0.000046 seconds.
  path: Assets/SampleScenes/Prefabs/ResetterUI.prefab
  artifactKey: Guid(28e490010bed5ea47a8a69e81bdd0c1c) Importer(815301076,1909f56bfc062723c751e8b465ee728b)
Start importing Assets/SampleScenes/Prefabs/ResetterUI.prefab using Guid(28e490010bed5ea47a8a69e81bdd0c1c) Importer(815301076,1909f56bfc062723c751e8b465ee728b)  -> (artifact id: '360a8317ede29a777a7000fc619ab734') in 0.025695 seconds 
========================================================================
Received Import Request.
  Time since last request: 669.438245 seconds.
  path: Assets/KAIST_Models/kaist_bld/Faculty_Hall_Tool.mtl
  artifactKey: Guid(3b398bdd85eeb334aa9c03ebc91a6222) Importer(815301076,1909f56bfc062723c751e8b465ee728b)
Start importing Assets/KAIST_Models/kaist_bld/Faculty_Hall_Tool.mtl using Guid(3b398bdd85eeb334aa9c03ebc91a6222) Importer(815301076,1909f56bfc062723c751e8b465ee728b)  -> (artifact id: '7ec303da9653a66bd2835ff8cac1e4d4') in 0.048255 seconds 
========================================================================
Received Import Request.
  Time since last request: 18.658680 seconds.
  path: Assets/KAIST_Models/kaist_bld/Galilei_Hall_Tool.mtl
  artifactKey: Guid(0c696191fbe92874682d9e9fab47b1b6) Importer(815301076,1909f56bfc062723c751e8b465ee728b)
Start importing Assets/KAIST_Models/kaist_bld/Galilei_Hall_Tool.mtl using Guid(0c696191fbe92874682d9e9fab47b1b6) Importer(815301076,1909f56bfc062723c751e8b465ee728b)  -> (artifact id: '832731ec0e6201378d69d0205a91e18b') in 0.029954 seconds 
========================================================================
Received Import Request.
  Time since last request: 343.261610 seconds.
  path: Assets/KAIST_Models/kaist_bld/Graduate_School_of_Culture_and_Technology_Tool.mtl
  artifactKey: Guid(8820a6d6996242f46900dc32d77e72f9) Importer(815301076,1909f56bfc062723c751e8b465ee728b)
Start importing Assets/KAIST_Models/kaist_bld/Graduate_School_of_Culture_and_Technology_Tool.mtl using Guid(8820a6d6996242f46900dc32d77e72f9) Importer(815301076,1909f56bfc062723c751e8b465ee728b)  -> (artifact id: '4dc245a9ab1b61f6aae9920ec28dc597') in 0.034989 seconds 
========================================================================
Received Import Request.
  Time since last request: 558.165380 seconds.
  path: Assets/KAIST_Models/kaist_bld/Creative_Learning_Center_Tool.mtl
  artifactKey: Guid(25bf7b9465d34534b9c01a65d5381e69) Importer(815301076,1909f56bfc062723c751e8b465ee728b)
Start importing Assets/KAIST_Models/kaist_bld/Creative_Learning_Center_Tool.mtl using Guid(25bf7b9465d34534b9c01a65d5381e69) Importer(815301076,1909f56bfc062723c751e8b465ee728b)  -> (artifact id: 'e8cc5ea9ccbe03e4a85270aee0bfd7dc') in 0.056619 seconds 
========================================================================
Received Import Request.
  Time since last request: 0.250594 seconds.
  path: Assets/KAIST_Models/kaist_bld/Back_Gate_Tool.mtl
  artifactKey: Guid(91bdb2ad88ac4fe44a09d5bf1c0e3e32) Importer(815301076,1909f56bfc062723c751e8b465ee728b)
Start importing Assets/KAIST_Models/kaist_bld/Back_Gate_Tool.mtl using Guid(91bdb2ad88ac4fe44a09d5bf1c0e3e32) Importer(815301076,1909f56bfc062723c751e8b465ee728b)  -> (artifact id: '581ab16923dbc6aa9677c41449ccb42a') in 0.035194 seconds 
========================================================================
Received Import Request.
  Time since last request: 417.415997 seconds.
  path: Assets/KAIST_Models/kaist_bld/Industrial_Management.mtl
  artifactKey: Guid(f880f51ffaddfb74992c6621d6e75df6) Importer(815301076,1909f56bfc062723c751e8b465ee728b)
Start importing Assets/KAIST_Models/kaist_bld/Industrial_Management.mtl using Guid(f880f51ffaddfb74992c6621d6e75df6) Importer(815301076,1909f56bfc062723c751e8b465ee728b)  -> (artifact id: 'a44407d7d704f1382dc85305ccaef197') in 0.260935 seconds 
========================================================================
Received Import Request.
  Time since last request: 33.351304 seconds.
  path: Assets/KAIST_Models/kaist_bld/Humanities_and_Social_Sciences_Tool.mtl
  artifactKey: Guid(87c82cd5acc15134bb7d3310de3ce93d) Importer(815301076,1909f56bfc062723c751e8b465ee728b)
Start importing Assets/KAIST_Models/kaist_bld/Humanities_and_Social_Sciences_Tool.mtl using Guid(87c82cd5acc15134bb7d3310de3ce93d) Importer(815301076,1909f56bfc062723c751e8b465ee728b)  -> (artifact id: 'f64d2a062f0762b414f63a044de55b0c') in 0.094590 seconds 
========================================================================
Received Import Request.
  Time since last request: 861.952328 seconds.
  path: Assets/KAIST_Models/kaist_bld/Information_Electronics_Engineering_Tool.mtl
  artifactKey: Guid(90c73cc825bae9c45a1d46d7f1070607) Importer(815301076,1909f56bfc062723c751e8b465ee728b)
Start importing Assets/KAIST_Models/kaist_bld/Information_Electronics_Engineering_Tool.mtl using Guid(90c73cc825bae9c45a1d46d7f1070607) Importer(815301076,1909f56bfc062723c751e8b465ee728b)  -> (artifact id: 'ffc30296a642d43e6f611dea3aa7073b') in 0.058121 seconds 
