Using pre-set license
Built from '2021.3/staging' branch; Version is '2021.3.2f1 (d6360bedb9a0) revision 14038539'; Using compiler version '192829333'; Build Type 'Release'
OS: 'Windows 10  (10.0.19044) 64bit Core' Language: 'ko' Physical Memory: 8103 MB
BatchMode: 1, IsHumanControllingUs: 0, StartBugReporterOnCrash: 0, Is64bit: 1, IsPro: 1

COMMAND LINE ARGUMENTS:
C:\Program Files\Unity\Hub\Editor\2021.3.2f1\Editor\Unity.exe
-adb2
-batchMode
-noUpm
-name
AssetImportWorker3
-projectPath
C:/Dev_Project/Unity_Project/3D_Campus
-logFile
Logs/AssetImportWorker3.log
-srvPort
52253
Successfully changed project path to: C:/Dev_Project/Unity_Project/3D_Campus
C:/Dev_Project/Unity_Project/3D_Campus
[UnityMemory] Configuration Parameters - Can be set up in boot.config
    "memorysetup-bucket-allocator-granularity=16"
    "memorysetup-bucket-allocator-bucket-count=8"
    "memorysetup-bucket-allocator-block-size=33554432"
    "memorysetup-bucket-allocator-block-count=8"
    "memorysetup-main-allocator-block-size=16777216"
    "memorysetup-thread-allocator-block-size=16777216"
    "memorysetup-gfx-main-allocator-block-size=16777216"
    "memorysetup-gfx-thread-allocator-block-size=16777216"
    "memorysetup-cache-allocator-block-size=4194304"
    "memorysetup-typetree-allocator-block-size=2097152"
    "memorysetup-profiler-bucket-allocator-granularity=16"
    "memorysetup-profiler-bucket-allocator-bucket-count=8"
    "memorysetup-profiler-bucket-allocator-block-size=33554432"
    "memorysetup-profiler-bucket-allocator-block-count=8"
    "memorysetup-profiler-allocator-block-size=16777216"
    "memorysetup-profiler-editor-allocator-block-size=1048576"
    "memorysetup-temp-allocator-size-main=16777216"
    "memorysetup-job-temp-allocator-block-size=2097152"
    "memorysetup-job-temp-allocator-block-size-background=1048576"
    "memorysetup-job-temp-allocator-reduction-small-platforms=262144"
    "memorysetup-temp-allocator-size-background-worker=32768"
    "memorysetup-temp-allocator-size-job-worker=262144"
    "memorysetup-temp-allocator-size-preload-manager=33554432"
    "memorysetup-temp-allocator-size-nav-mesh-worker=65536"
    "memorysetup-temp-allocator-size-audio-worker=65536"
    "memorysetup-temp-allocator-size-cloud-worker=32768"
    "memorysetup-temp-allocator-size-gi-baking-worker=262144"
    "memorysetup-temp-allocator-size-gfx=262144"
Refreshing native plugins compatible for Editor in 308.79 ms, found 3 plugins.
Preloading 0 native plugins for Editor in 0.00 ms.
Initialize engine version: 2021.3.2f1 (d6360bedb9a0)
[Subsystems] Discovering subsystems at path C:/Program Files/Unity/Hub/Editor/2021.3.2f1/Editor/Data/Resources/UnitySubsystems
[Subsystems] Discovering subsystems at path C:/Dev_Project/Unity_Project/3D_Campus/Assets
GfxDevice: creating device client; threaded=0; jobified=0
Direct3D:
    Version:  Direct3D 11.0 [level 11.0]
    Renderer: NVIDIA GeForce 840M (ID=0x1341)
    Vendor:   NVIDIA
    VRAM:     2020 MB
    Driver:   23.21.13.8873
Initialize mono
Mono path[0] = 'C:/Program Files/Unity/Hub/Editor/2021.3.2f1/Editor/Data/Managed'
Mono path[1] = 'C:/Program Files/Unity/Hub/Editor/2021.3.2f1/Editor/Data/MonoBleedingEdge/lib/mono/unityjit-win32'
Mono config path = 'C:/Program Files/Unity/Hub/Editor/2021.3.2f1/Editor/Data/MonoBleedingEdge/etc'
Using monoOptions --debugger-agent=transport=dt_socket,embedding=1,server=y,suspend=n,address=127.0.0.1:56156
Begin MonoManager ReloadAssembly
Registering precompiled unity dll's ...
Register platform support module: C:/Program Files/Unity/Hub/Editor/2021.3.2f1/Editor/Data/PlaybackEngines/WebGLSupport/UnityEditor.WebGL.Extensions.dll
Register platform support module: C:/Program Files/Unity/Hub/Editor/2021.3.2f1/Editor/Data/PlaybackEngines/AndroidPlayer/UnityEditor.Android.Extensions.dll
Register platform support module: C:/Program Files/Unity/Hub/Editor/2021.3.2f1/Editor/Data/PlaybackEngines/WindowsStandaloneSupport/UnityEditor.WindowsStandalone.Extensions.dll
Register platform support module: C:/Program Files/Unity/Hub/Editor/2021.3.2f1/Editor/Data/PlaybackEngines/MetroSupport/UnityEditor.UWP.Extensions.dll
Registered in 0.089042 seconds.
Native extension for UWP target not found
Native extension for WindowsStandalone target not found
Native extension for Android target not found
Native extension for WebGL target not found
Refreshing native plugins compatible for Editor in 223.44 ms, found 3 plugins.
Preloading 0 native plugins for Editor in 0.00 ms.
Mono: successfully reloaded assembly
- Completed reload, in  3.441 seconds
Domain Reload Profiling:
	ReloadAssembly (3443ms)
		BeginReloadAssembly (428ms)
			ExecutionOrderSort (0ms)
			DisableScriptedObjects (0ms)
			BackupInstance (0ms)
			ReleaseScriptingObjects (0ms)
			CreateAndSetChildDomain (2ms)
		EndReloadAssembly (2552ms)
			LoadAssemblies (418ms)
			RebuildTransferFunctionScriptingTraits (0ms)
			SetupTypeCache (744ms)
			ReleaseScriptCaches (2ms)
			RebuildScriptCaches (167ms)
			SetupLoadedEditorAssemblies (949ms)
				LogAssemblyErrors (0ms)
				InitializePlatformSupportModulesInManaged (215ms)
				SetLoadedEditorAssemblies (1ms)
				RefreshPlugins (224ms)
				BeforeProcessingInitializeOnLoad (2ms)
				ProcessInitializeOnLoadAttributes (317ms)
				ProcessInitializeOnLoadMethodAttributes (190ms)
				AfterProcessingInitializeOnLoad (0ms)
				EditorAssembliesLoaded (0ms)
			ExecutionOrderSort2 (0ms)
			AwakeInstancesAfterBackupRestoration (0ms)
Platform modules already initialized, skipping
Registering precompiled user dll's ...
Registered in 0.060078 seconds.
Android Extension - Scanning For ADB Devices 17313 ms
Begin MonoManager ReloadAssembly
Symbol file LoadedFromMemory doesn't match image C:\Dev_Project\Unity_Project\3D_Campus\Library\PackageCache\com.unity.visualscripting@1.7.6\Editor\VisualScripting.Core\Dependencies\YamlDotNet\Unity.VisualScripting.YamlDotNet.dll
Symbol file LoadedFromMemory doesn't match image C:\Dev_Project\Unity_Project\3D_Campus\Library\PackageCache\com.unity.visualscripting@1.7.6\Editor\VisualScripting.Core\Dependencies\DotNetZip\Unity.VisualScripting.IonicZip.dll
Native extension for UWP target not found
Native extension for WindowsStandalone target not found
Native extension for Android target not found
Native extension for WebGL target not found
Refreshing native plugins compatible for Editor in 2.42 ms, found 3 plugins.
Preloading 0 native plugins for Editor in 0.00 ms.
Mono: successfully reloaded assembly
- Completed reload, in  3.814 seconds
Domain Reload Profiling:
	ReloadAssembly (3816ms)
		BeginReloadAssembly (883ms)
			ExecutionOrderSort (0ms)
			DisableScriptedObjects (12ms)
			BackupInstance (0ms)
			ReleaseScriptingObjects (0ms)
			CreateAndSetChildDomain (43ms)
		EndReloadAssembly (2475ms)
			LoadAssemblies (1041ms)
			RebuildTransferFunctionScriptingTraits (0ms)
			SetupTypeCache (621ms)
			ReleaseScriptCaches (1ms)
			RebuildScriptCaches (116ms)
			SetupLoadedEditorAssemblies (1170ms)
				LogAssemblyErrors (0ms)
				InitializePlatformSupportModulesInManaged (69ms)
				SetLoadedEditorAssemblies (1ms)
				RefreshPlugins (3ms)
				BeforeProcessingInitializeOnLoad (279ms)
				ProcessInitializeOnLoadAttributes (667ms)
				ProcessInitializeOnLoadMethodAttributes (82ms)
				AfterProcessingInitializeOnLoad (68ms)
				EditorAssembliesLoaded (0ms)
			ExecutionOrderSort2 (0ms)
			AwakeInstancesAfterBackupRestoration (46ms)
Platform modules already initialized, skipping
========================================================================
Worker process is ready to serve import requests
Launched and connected shader compiler UnityShaderCompiler.exe after 1.46 seconds
Refreshing native plugins compatible for Editor in 9.40 ms, found 3 plugins.
Preloading 0 native plugins for Editor in 0.00 ms.
Unloading 3425 Unused Serialized files (Serialized files now loaded: 0)
Unloading 27 unused Assets / (308.0 KB). Loaded Objects now: 3887.
Memory consumption went from 131.2 MB to 130.9 MB.
Total: 20.228300 ms (FindLiveObjects: 0.975900 ms CreateObjectMapping: 5.401900 ms MarkObjects: 13.416500 ms  DeleteObjects: 0.429400 ms)

AssetImportParameters requested are different than current active one (requested -> active):
  custom:video-decoder-ogg-theora: a1e56fd34408186e4bbccfd4996cb3dc -> 
  custom:container-muxer-webm: aa71ff27fc2769a1b78a27578f13a17b -> 
  custom:container-demuxer-webm: 4f35f7cbe854078d1ac9338744f61a02 -> 
  custom:video-encoder-webm-vp8: eb34c28f22e8b96e1ab97ce403110664 -> 
  custom:video-codec-MediaFoundation-h265: 746d11721c4dcdbdad8f713fa42b33f4 -> 
  custom:audio-encoder-webm-vorbis: bf7c407c2cedff20999df2af8eb42d56 -> 
  custom:framework-win-MediaFoundation: 216162199b28c13a410421893ffa2e32 -> 
  custom:container-demuxer-ogg: 62fdf1f143b41e24485cea50d1cbac27 -> 
  custom:video-decoder-webm-vp8: 9c59270c3fd7afecdb556c50c9e8de78 -> 
  custom:audio-decoder-ogg-vorbis: bf7c407c2cedff20999df2af8eb42d56 -> 
========================================================================
Received Import Request.
  Time since last request: 694187.250211 seconds.
  path: Assets/Scenes
  artifactKey: Guid(6ea315d0fd7389c41b19996891e99ae3) Importer(815301076,1909f56bfc062723c751e8b465ee728b)
Start importing Assets/Scenes using Guid(6ea315d0fd7389c41b19996891e99ae3) Importer(815301076,1909f56bfc062723c751e8b465ee728b)  -> (artifact id: 'b8193726cff86800c54781cdc6d54904') in 0.041945 seconds 
========================================================================
Received Import Request.
  Time since last request: 0.002169 seconds.
  path: Assets/RoadArchitect
  artifactKey: Guid(4b5ab65e179e30445ac99533205283df) Importer(815301076,1909f56bfc062723c751e8b465ee728b)
Start importing Assets/RoadArchitect using Guid(4b5ab65e179e30445ac99533205283df) Importer(815301076,1909f56bfc062723c751e8b465ee728b)  -> (artifact id: 'dd36aaff6a0adab1cbb81fae0bb79ace') in 0.060092 seconds 
========================================================================
Received Import Request.
  Time since last request: 0.000973 seconds.
  path: Assets/3D models
  artifactKey: Guid(ff1fd1cc5894bb548a8683b512990002) Importer(815301076,1909f56bfc062723c751e8b465ee728b)
Start importing Assets/3D models using Guid(ff1fd1cc5894bb548a8683b512990002) Importer(815301076,1909f56bfc062723c751e8b465ee728b)  -> (artifact id: '494ff34e5323e2adf164b8675c820a4e') in 0.027391 seconds 
========================================================================
Received Import Request.
  Time since last request: 0.000043 seconds.
  path: Assets/KAIST_Models
  artifactKey: Guid(10f54f8c0be024f42bbd3f7399a7831a) Importer(815301076,1909f56bfc062723c751e8b465ee728b)
Start importing Assets/KAIST_Models using Guid(10f54f8c0be024f42bbd3f7399a7831a) Importer(815301076,1909f56bfc062723c751e8b465ee728b)  -> (artifact id: '3948e1c9f9b7f9abf5b0522c1b8708db') in 0.027487 seconds 
========================================================================
Received Import Request.
  Time since last request: 0.000087 seconds.
  path: Assets/Grids & Nets textures pack
  artifactKey: Guid(0b5d506e93ce2834bb36f0aa12cfdfa1) Importer(815301076,1909f56bfc062723c751e8b465ee728b)
Start importing Assets/Grids & Nets textures pack using Guid(0b5d506e93ce2834bb36f0aa12cfdfa1) Importer(815301076,1909f56bfc062723c751e8b465ee728b)  -> (artifact id: '28e7261d735c47ecf72b53ed31a419fc') in 0.062183 seconds 
========================================================================
Received Prepare
Registering precompiled user dll's ...
Registered in 0.076810 seconds.
Begin MonoManager ReloadAssembly
Symbol file LoadedFromMemory doesn't match image C:\Dev_Project\Unity_Project\3D_Campus\Library\PackageCache\com.unity.visualscripting@1.7.6\Editor\VisualScripting.Core\Dependencies\YamlDotNet\Unity.VisualScripting.YamlDotNet.dll
Symbol file LoadedFromMemory doesn't match image C:\Dev_Project\Unity_Project\3D_Campus\Library\PackageCache\com.unity.visualscripting@1.7.6\Editor\VisualScripting.Core\Dependencies\DotNetZip\Unity.VisualScripting.IonicZip.dll
Native extension for UWP target not found
Native extension for WindowsStandalone target not found
Native extension for Android target not found
Native extension for WebGL target not found
Refreshing native plugins compatible for Editor in 3.32 ms, found 3 plugins.
Preloading 0 native plugins for Editor in 0.00 ms.
Mono: successfully reloaded assembly
- Completed reload, in  8.633 seconds
Domain Reload Profiling:
	ReloadAssembly (8636ms)
		BeginReloadAssembly (2230ms)
			ExecutionOrderSort (0ms)
			DisableScriptedObjects (63ms)
			BackupInstance (0ms)
			ReleaseScriptingObjects (0ms)
			CreateAndSetChildDomain (158ms)
		EndReloadAssembly (5482ms)
			LoadAssemblies (1906ms)
			RebuildTransferFunctionScriptingTraits (0ms)
			SetupTypeCache (2256ms)
			ReleaseScriptCaches (2ms)
			RebuildScriptCaches (374ms)
			SetupLoadedEditorAssemblies (1860ms)
				LogAssemblyErrors (0ms)
				InitializePlatformSupportModulesInManaged (140ms)
				SetLoadedEditorAssemblies (4ms)
				RefreshPlugins (4ms)
				BeforeProcessingInitializeOnLoad (406ms)
				ProcessInitializeOnLoadAttributes (973ms)
				ProcessInitializeOnLoadMethodAttributes (132ms)
				AfterProcessingInitializeOnLoad (200ms)
				EditorAssembliesLoaded (1ms)
			ExecutionOrderSort2 (0ms)
			AwakeInstancesAfterBackupRestoration (167ms)
Platform modules already initialized, skipping
Refreshing native plugins compatible for Editor in 12.35 ms, found 3 plugins.
Preloading 0 native plugins for Editor in 0.00 ms.
Unloading 3413 Unused Serialized files (Serialized files now loaded: 0)
Unloading 20 unused Assets / (298.9 KB). Loaded Objects now: 3892.
Memory consumption went from 130.2 MB to 129.9 MB.
Total: 9.856500 ms (FindLiveObjects: 0.613300 ms CreateObjectMapping: 0.653200 ms MarkObjects: 7.759800 ms  DeleteObjects: 0.823800 ms)

AssetImportParameters requested are different than current active one (requested -> active):
  custom:video-decoder-ogg-theora: a1e56fd34408186e4bbccfd4996cb3dc -> 
  custom:container-muxer-webm: aa71ff27fc2769a1b78a27578f13a17b -> 
  custom:container-demuxer-webm: 4f35f7cbe854078d1ac9338744f61a02 -> 
  custom:video-encoder-webm-vp8: eb34c28f22e8b96e1ab97ce403110664 -> 
  custom:video-codec-MediaFoundation-h265: 746d11721c4dcdbdad8f713fa42b33f4 -> 
  custom:audio-encoder-webm-vorbis: bf7c407c2cedff20999df2af8eb42d56 -> 
  custom:framework-win-MediaFoundation: 216162199b28c13a410421893ffa2e32 -> 
  custom:container-demuxer-ogg: 62fdf1f143b41e24485cea50d1cbac27 -> 
  custom:video-decoder-webm-vp8: 9c59270c3fd7afecdb556c50c9e8de78 -> 
  custom:audio-decoder-ogg-vorbis: bf7c407c2cedff20999df2af8eb42d56 -> 
========================================================================
Received Import Request.
  Time since last request: 565.926110 seconds.
  path: Assets/Plane material.mat
  artifactKey: Guid(83829b59a301ac142bec84ca19bcc46d) Importer(815301076,1909f56bfc062723c751e8b465ee728b)
Start importing Assets/Plane material.mat using Guid(83829b59a301ac142bec84ca19bcc46d) Importer(815301076,1909f56bfc062723c751e8b465ee728b)  -> (artifact id: '877b14bc519ce7cca6c5129915659b92') in 9.919560 seconds 
========================================================================
Received Import Request.
  Time since last request: 0.000051 seconds.
  path: Assets/New Terrain 1.asset
  artifactKey: Guid(77fcdbcfa56c5614f8ae2a9f79ea8cb9) Importer(815301076,1909f56bfc062723c751e8b465ee728b)
Start importing Assets/New Terrain 1.asset using Guid(77fcdbcfa56c5614f8ae2a9f79ea8cb9) Importer(815301076,1909f56bfc062723c751e8b465ee728b)  -> (artifact id: '679c17353d5ef2a6d25fc85e41db0341') in 0.311693 seconds 
========================================================================
Received Import Request.
  Time since last request: 0.000043 seconds.
  path: Assets/SkyBox.mat
  artifactKey: Guid(be887884210668c4fa592752bf1858ed) Importer(815301076,1909f56bfc062723c751e8b465ee728b)
Start importing Assets/SkyBox.mat using Guid(be887884210668c4fa592752bf1858ed) Importer(815301076,1909f56bfc062723c751e8b465ee728b)  -> (artifact id: 'fa6935662632236ccfbdaeba7cf4a72b') in 0.494793 seconds 
========================================================================
Received Import Request.
  Time since last request: 0.000085 seconds.
  path: Assets/CliffAlbedoSpecular.psd
  artifactKey: Guid(8894bdb574b7c5347a962997de3cdd75) Importer(815301076,1909f56bfc062723c751e8b465ee728b)
Start importing Assets/CliffAlbedoSpecular.psd using Guid(8894bdb574b7c5347a962997de3cdd75) Importer(815301076,1909f56bfc062723c751e8b465ee728b)  -> (artifact id: '1d3edeb857a375d70884411831bd09c2') in 0.436361 seconds 
========================================================================
Received Import Request.
  Time since last request: 0.000056 seconds.
  path: Assets/New Terrain.asset
  artifactKey: Guid(ac18c0c6b36d406409c654ba6e433071) Importer(815301076,1909f56bfc062723c751e8b465ee728b)
Start importing Assets/New Terrain.asset using Guid(ac18c0c6b36d406409c654ba6e433071) Importer(815301076,1909f56bfc062723c751e8b465ee728b)  -> (artifact id: 'f966f7093ed3bc5f74abd3f3432c30ba') in 0.078674 seconds 
========================================================================
Received Import Request.
  Time since last request: 0.000041 seconds.
  path: Assets/Track Road.mat
  artifactKey: Guid(c52bc2a8da294bc478d53b2be444e649) Importer(815301076,1909f56bfc062723c751e8b465ee728b)
Start importing Assets/Track Road.mat using Guid(c52bc2a8da294bc478d53b2be444e649) Importer(815301076,1909f56bfc062723c751e8b465ee728b)  -> (artifact id: '569ffa6202bbe07cb6d8bac3d212e801') in 0.331815 seconds 
========================================================================
Received Import Request.
  Time since last request: 0.000050 seconds.
  path: Assets/GrassHillAlbedo.psd
  artifactKey: Guid(f4f3edb5e609dac4aae4f281efc7d92c) Importer(815301076,1909f56bfc062723c751e8b465ee728b)
Start importing Assets/GrassHillAlbedo.psd using Guid(f4f3edb5e609dac4aae4f281efc7d92c) Importer(815301076,1909f56bfc062723c751e8b465ee728b)  -> (artifact id: '1e74ce80c0e72f667f197c17e0faabf9') in 0.043848 seconds 
========================================================================
Received Import Request.
  Time since last request: 0.000099 seconds.
  path: Assets/MudRockyNormals.bmp
  artifactKey: Guid(d5c691b146566fd4295c69cc26c1591e) Importer(815301076,1909f56bfc062723c751e8b465ee728b)
Start importing Assets/MudRockyNormals.bmp using Guid(d5c691b146566fd4295c69cc26c1591e) Importer(815301076,1909f56bfc062723c751e8b465ee728b)  -> (artifact id: 'e4662904ff8e2314f7885a72e31a18ad') in 0.284746 seconds 
========================================================================
Received Import Request.
  Time since last request: 0.000042 seconds.
  path: Assets/MudRockyAlbedoSpecular.bmp
  artifactKey: Guid(ac33a59283f95f144b6f51a1ce0da2fd) Importer(815301076,1909f56bfc062723c751e8b465ee728b)
Start importing Assets/MudRockyAlbedoSpecular.bmp using Guid(ac33a59283f95f144b6f51a1ce0da2fd) Importer(815301076,1909f56bfc062723c751e8b465ee728b)  -> (artifact id: 'dfcc6ea569f29031f585da855de9dd89') in 0.219272 seconds 
========================================================================
Received Import Request.
  Time since last request: 0.000066 seconds.
  path: Assets/NewLayer.terrainlayer
  artifactKey: Guid(7a0b95c184fecd74787aaf8135cff3a6) Importer(815301076,1909f56bfc062723c751e8b465ee728b)
Start importing Assets/NewLayer.terrainlayer using Guid(7a0b95c184fecd74787aaf8135cff3a6) Importer(815301076,1909f56bfc062723c751e8b465ee728b)  -> (artifact id: 'd90185fd0fd8b1d79822bcd04b983e46') in 0.135029 seconds 
========================================================================
Received Import Request.
  Time since last request: 0.000053 seconds.
  path: Assets/Ball.mat
  artifactKey: Guid(7682cfdd0451b9b499f5fc6923b8a295) Importer(815301076,1909f56bfc062723c751e8b465ee728b)
Start importing Assets/Ball.mat using Guid(7682cfdd0451b9b499f5fc6923b8a295) Importer(815301076,1909f56bfc062723c751e8b465ee728b)  -> (artifact id: 'c7d103cfca4c27912b55a70164f668a1') in 0.156850 seconds 
========================================================================
Received Import Request.
  Time since last request: 0.000066 seconds.
  path: Assets/GrassRockyAlbedo.psd
  artifactKey: Guid(cad0251154a23b84d882f648464dc795) Importer(815301076,1909f56bfc062723c751e8b465ee728b)
Start importing Assets/GrassRockyAlbedo.psd using Guid(cad0251154a23b84d882f648464dc795) Importer(815301076,1909f56bfc062723c751e8b465ee728b)  -> (artifact id: 'd061b880a80f4e9c2daf308a69a552ed') in 0.166375 seconds 
========================================================================
Received Import Request.
  Time since last request: 0.000036 seconds.
  path: Assets/SandAlbedo.psd
  artifactKey: Guid(7d494a53b4934e44ea8bec594c7bd0e2) Importer(815301076,1909f56bfc062723c751e8b465ee728b)
Start importing Assets/SandAlbedo.psd using Guid(7d494a53b4934e44ea8bec594c7bd0e2) Importer(815301076,1909f56bfc062723c751e8b465ee728b)  -> (artifact id: '28c3bb0382154c71978fb882b062e322') in 0.157861 seconds 
========================================================================
Received Import Request.
  Time since last request: 772.171476 seconds.
  path: Assets/3D_Campus.sln
  artifactKey: Guid(c287a0fb4e2aaa24aa48c6e78cb68bf9) Importer(815301076,1909f56bfc062723c751e8b465ee728b)
Start importing Assets/3D_Campus.sln using Guid(c287a0fb4e2aaa24aa48c6e78cb68bf9) Importer(815301076,1909f56bfc062723c751e8b465ee728b)  -> (artifact id: '80480e3a2d710414e445cf382a3d51bd') in 0.148540 seconds 
========================================================================
Received Prepare
Registering precompiled user dll's ...
Registered in 0.185768 seconds.
Begin MonoManager ReloadAssembly
Symbol file LoadedFromMemory doesn't match image C:\Dev_Project\Unity_Project\3D_Campus\Library\PackageCache\com.unity.visualscripting@1.7.6\Editor\VisualScripting.Core\Dependencies\YamlDotNet\Unity.VisualScripting.YamlDotNet.dll
Symbol file LoadedFromMemory doesn't match image C:\Dev_Project\Unity_Project\3D_Campus\Library\PackageCache\com.unity.visualscripting@1.7.6\Editor\VisualScripting.Core\Dependencies\DotNetZip\Unity.VisualScripting.IonicZip.dll
Native extension for UWP target not found
Native extension for WindowsStandalone target not found
Native extension for Android target not found
Native extension for WebGL target not found
Refreshing native plugins compatible for Editor in 5.81 ms, found 3 plugins.
Preloading 0 native plugins for Editor in 0.00 ms.
Mono: successfully reloaded assembly
- Completed reload, in  5.646 seconds
Domain Reload Profiling:
	ReloadAssembly (5648ms)
		BeginReloadAssembly (969ms)
			ExecutionOrderSort (0ms)
			DisableScriptedObjects (36ms)
			BackupInstance (0ms)
			ReleaseScriptingObjects (0ms)
			CreateAndSetChildDomain (143ms)
		EndReloadAssembly (4124ms)
			LoadAssemblies (853ms)
			RebuildTransferFunctionScriptingTraits (0ms)
			SetupTypeCache (1082ms)
			ReleaseScriptCaches (5ms)
			RebuildScriptCaches (182ms)
			SetupLoadedEditorAssemblies (1946ms)
				LogAssemblyErrors (0ms)
				InitializePlatformSupportModulesInManaged (215ms)
				SetLoadedEditorAssemblies (2ms)
				RefreshPlugins (6ms)
				BeforeProcessingInitializeOnLoad (556ms)
				ProcessInitializeOnLoadAttributes (909ms)
				ProcessInitializeOnLoadMethodAttributes (123ms)
				AfterProcessingInitializeOnLoad (135ms)
				EditorAssembliesLoaded (0ms)
			ExecutionOrderSort2 (0ms)
			AwakeInstancesAfterBackupRestoration (57ms)
Platform modules already initialized, skipping
Refreshing native plugins compatible for Editor in 19.41 ms, found 3 plugins.
Preloading 0 native plugins for Editor in 0.00 ms.
Unloading 3412 Unused Serialized files (Serialized files now loaded: 0)
Unloading 23 unused Assets / (0.8 MB). Loaded Objects now: 3937.
Memory consumption went from 135.8 MB to 135.0 MB.
Total: 14.343900 ms (FindLiveObjects: 0.468100 ms CreateObjectMapping: 0.576700 ms MarkObjects: 10.617400 ms  DeleteObjects: 2.678400 ms)

AssetImportParameters requested are different than current active one (requested -> active):
  custom:video-decoder-ogg-theora: a1e56fd34408186e4bbccfd4996cb3dc -> 
  custom:container-muxer-webm: aa71ff27fc2769a1b78a27578f13a17b -> 
  custom:container-demuxer-webm: 4f35f7cbe854078d1ac9338744f61a02 -> 
  custom:video-encoder-webm-vp8: eb34c28f22e8b96e1ab97ce403110664 -> 
  custom:video-codec-MediaFoundation-h265: 746d11721c4dcdbdad8f713fa42b33f4 -> 
  custom:audio-encoder-webm-vorbis: bf7c407c2cedff20999df2af8eb42d56 -> 
  custom:framework-win-MediaFoundation: 216162199b28c13a410421893ffa2e32 -> 
  custom:container-demuxer-ogg: 62fdf1f143b41e24485cea50d1cbac27 -> 
  custom:video-decoder-webm-vp8: 9c59270c3fd7afecdb556c50c9e8de78 -> 
  custom:audio-decoder-ogg-vorbis: bf7c407c2cedff20999df2af8eb42d56 -> 
